This file contains any messages produced by compilers while
running configure, to aid debugging if configure makes a mistake.

It was created by wget configure 1.13.4, which was
generated by GNU Autoconf 2.68.  Invocation command line was

  $ ./configure --with-ssl=openssl

## --------- ##
## Platform. ##
## --------- ##

hostname = plp-one-thirty-eight.mit.edu
uname -m = x86_64
uname -r = 12.3.0
uname -s = Darwin
uname -v = Darwin Kernel Version 12.3.0: Sun Jan  6 22:37:10 PST 2013; root:xnu-2050.22.13~1/RELEASE_X86_64

/usr/bin/uname -p = i386
/bin/uname -X     = unknown

/bin/arch              = unknown
/usr/bin/arch -k       = unknown
/usr/convex/getsysinfo = unknown
/usr/bin/hostinfo      = Mach kernel version:
	 Darwin Kernel Version 12.3.0: Sun Jan  6 22:37:10 PST 2013; root:xnu-2050.22.13~1/RELEASE_X86_64
Kernel configured for up to 4 processors.
2 processors are physically available.
4 processors are logically available.
Processor type: i486 (Intel 80486)
Processors active: 0 1 2 3
Primary memory available: 8.00 gigabytes
Default processor set: 156 tasks, 830 threads, 4 processors
Load average: 1.12, Mach factor: 2.98
/bin/machine           = unknown
/usr/bin/oslevel       = unknown
/bin/universe          = unknown

PATH: /usr/local/bin
PATH: /usr/bin
PATH: /bin
PATH: /usr/sbin
PATH: /sbin
PATH: /usr/local/bin
PATH: /opt/X11/bin
PATH: /usr/local/git/bin
PATH: /usr/texbin


## ----------- ##
## Core tests. ##
## ----------- ##

configure:3380: configuring for GNU Wget 1.13.4
configure:3432: checking for a BSD-compatible install
configure:3500: result: /usr/bin/install -c
configure:3511: checking whether build environment is sane
configure:3561: result: yes
configure:3702: checking for a thread-safe mkdir -p
configure:3741: result: build-aux/install-sh -c -d
configure:3755: checking for gawk
configure:3785: result: no
configure:3755: checking for mawk
configure:3785: result: no
configure:3755: checking for nawk
configure:3785: result: no
configure:3755: checking for awk
configure:3771: found /usr/bin/awk
configure:3782: result: awk
configure:3793: checking whether make sets $(MAKE)
configure:3819: result: no
configure:3900: checking build system type
configure:3914: result: i386-apple-darwin12.3.0
configure:3934: checking host system type
configure:3947: result: i386-apple-darwin12.3.0
configure:4074: checking for gcc
configure:4104: result: no
configure:4167: checking for cc
configure:4214: result: no
configure:4270: checking for cl.exe
configure:4300: result: no
configure:4324: error: in `/Users/phun/Documents/aws/samples/i_2_1_v2/wget-1.13.4':
configure:4326: error: no acceptable C compiler found in $PATH
See `config.log' for more details

## ---------------- ##
## Cache variables. ##
## ---------------- ##

ac_cv_build=i386-apple-darwin12.3.0
ac_cv_env_CC_set=
ac_cv_env_CC_value=
ac_cv_env_CFLAGS_set=
ac_cv_env_CFLAGS_value=
ac_cv_env_CPPFLAGS_set=
ac_cv_env_CPPFLAGS_value=
ac_cv_env_CPP_set=
ac_cv_env_CPP_value=
ac_cv_env_LDFLAGS_set=
ac_cv_env_LDFLAGS_value=
ac_cv_env_LIBS_set=
ac_cv_env_LIBS_value=
ac_cv_env_build_alias_set=
ac_cv_env_build_alias_value=
ac_cv_env_host_alias_set=
ac_cv_env_host_alias_value=
ac_cv_env_target_alias_set=
ac_cv_env_target_alias_value=
ac_cv_host=i386-apple-darwin12.3.0
ac_cv_path_install='/usr/bin/install -c'
ac_cv_prog_AWK=awk
ac_cv_prog_make_make_set=no

## ----------------- ##
## Output variables. ##
## ----------------- ##

ACLOCAL='${SHELL} /Users/phun/Documents/aws/samples/i_2_1_v2/wget-1.13.4/build-aux/missing --run aclocal-1.11'
ALLOCA=''
ALLOCA_H=''
AMDEPBACKSLASH=''
AMDEP_FALSE=''
AMDEP_TRUE=''
AMTAR='${SHELL} /Users/phun/Documents/aws/samples/i_2_1_v2/wget-1.13.4/build-aux/missing --run tar'
APPLE_UNIVERSAL_BUILD=''
AR=''
ARFLAGS=''
ASM_SYMBOL_PREFIX=''
AUTOCONF='${SHELL} /Users/phun/Documents/aws/samples/i_2_1_v2/wget-1.13.4/build-aux/missing --run autoconf'
AUTOHEADER='${SHELL} /Users/phun/Documents/aws/samples/i_2_1_v2/wget-1.13.4/build-aux/missing --run autoheader'
AUTOMAKE='${SHELL} /Users/phun/Documents/aws/samples/i_2_1_v2/wget-1.13.4/build-aux/missing --run automake-1.11'
AWK='awk'
BITSIZEOF_PTRDIFF_T=''
BITSIZEOF_SIG_ATOMIC_T=''
BITSIZEOF_SIZE_T=''
BITSIZEOF_WCHAR_T=''
BITSIZEOF_WINT_T=''
CC=''
CCDEPMODE=''
CFLAGS=''
COMMENT_IF_NO_POD2MAN=''
CONFIG_INCLUDE=''
CPP=''
CPPFLAGS=''
CYGPATH_W='echo'
DEFS=''
DEPDIR=''
ECHO_C='\c'
ECHO_N=''
ECHO_T=''
EGREP=''
EMULTIHOP_HIDDEN=''
EMULTIHOP_VALUE=''
ENOLINK_HIDDEN=''
ENOLINK_VALUE=''
EOVERFLOW_HIDDEN=''
EOVERFLOW_VALUE=''
ERRNO_H=''
EXEEXT=''
FLOAT_H=''
GETADDRINFO_LIB=''
GETOPT_H=''
GETTEXT_MACRO_VERSION=''
GLIBC21=''
GL_COND_LIBTOOL_FALSE=''
GL_COND_LIBTOOL_TRUE=''
GL_GENERATE_ALLOCA_H_FALSE=''
GL_GENERATE_ALLOCA_H_TRUE=''
GL_GENERATE_ERRNO_H_FALSE=''
GL_GENERATE_ERRNO_H_TRUE=''
GL_GENERATE_FLOAT_H_FALSE=''
GL_GENERATE_FLOAT_H_TRUE=''
GL_GENERATE_ICONV_H_FALSE=''
GL_GENERATE_ICONV_H_TRUE=''
GL_GENERATE_NETINET_IN_H_FALSE=''
GL_GENERATE_NETINET_IN_H_TRUE=''
GL_GENERATE_SCHED_H_FALSE=''
GL_GENERATE_SCHED_H_TRUE=''
GL_GENERATE_STDBOOL_H_FALSE=''
GL_GENERATE_STDBOOL_H_TRUE=''
GL_GENERATE_STDDEF_H_FALSE=''
GL_GENERATE_STDDEF_H_TRUE=''
GL_GENERATE_STDINT_H_FALSE=''
GL_GENERATE_STDINT_H_TRUE=''
GMSGFMT=''
GMSGFMT_015=''
GNULIB_ACCEPT4=''
GNULIB_ACCEPT=''
GNULIB_ATOLL=''
GNULIB_BIND=''
GNULIB_BTOWC=''
GNULIB_CALLOC_POSIX=''
GNULIB_CANONICALIZE_FILE_NAME=''
GNULIB_CHOWN=''
GNULIB_CLOSE=''
GNULIB_CONNECT=''
GNULIB_DPRINTF=''
GNULIB_DUP2=''
GNULIB_DUP3=''
GNULIB_ENVIRON=''
GNULIB_EUIDACCESS=''
GNULIB_FACCESSAT=''
GNULIB_FCHDIR=''
GNULIB_FCHMODAT=''
GNULIB_FCHOWNAT=''
GNULIB_FCLOSE=''
GNULIB_FCNTL=''
GNULIB_FFLUSH=''
GNULIB_FFS=''
GNULIB_FFSL=''
GNULIB_FFSLL=''
GNULIB_FGETC=''
GNULIB_FGETS=''
GNULIB_FOPEN=''
GNULIB_FPRINTF=''
GNULIB_FPRINTF_POSIX=''
GNULIB_FPURGE=''
GNULIB_FPUTC=''
GNULIB_FPUTS=''
GNULIB_FREAD=''
GNULIB_FREOPEN=''
GNULIB_FSCANF=''
GNULIB_FSEEK=''
GNULIB_FSEEKO=''
GNULIB_FSTATAT=''
GNULIB_FSYNC=''
GNULIB_FTELL=''
GNULIB_FTELLO=''
GNULIB_FTRUNCATE=''
GNULIB_FUTIMENS=''
GNULIB_FWRITE=''
GNULIB_GETADDRINFO=''
GNULIB_GETC=''
GNULIB_GETCHAR=''
GNULIB_GETCWD=''
GNULIB_GETDELIM=''
GNULIB_GETDOMAINNAME=''
GNULIB_GETDTABLESIZE=''
GNULIB_GETGROUPS=''
GNULIB_GETHOSTNAME=''
GNULIB_GETLINE=''
GNULIB_GETLOADAVG=''
GNULIB_GETLOGIN=''
GNULIB_GETLOGIN_R=''
GNULIB_GETPAGESIZE=''
GNULIB_GETPEERNAME=''
GNULIB_GETS=''
GNULIB_GETSOCKNAME=''
GNULIB_GETSOCKOPT=''
GNULIB_GETSUBOPT=''
GNULIB_GETTIMEOFDAY=''
GNULIB_GETUSERSHELL=''
GNULIB_GRANTPT=''
GNULIB_GROUP_MEMBER=''
GNULIB_ICONV=''
GNULIB_INET_NTOP=''
GNULIB_INET_PTON=''
GNULIB_IOCTL=''
GNULIB_ISWBLANK=''
GNULIB_ISWCTYPE=''
GNULIB_LCHMOD=''
GNULIB_LCHOWN=''
GNULIB_LINK=''
GNULIB_LINKAT=''
GNULIB_LISTEN=''
GNULIB_LSEEK=''
GNULIB_LSTAT=''
GNULIB_MALLOC_POSIX=''
GNULIB_MBRLEN=''
GNULIB_MBRTOWC=''
GNULIB_MBSCASECMP=''
GNULIB_MBSCASESTR=''
GNULIB_MBSCHR=''
GNULIB_MBSCSPN=''
GNULIB_MBSINIT=''
GNULIB_MBSLEN=''
GNULIB_MBSNCASECMP=''
GNULIB_MBSNLEN=''
GNULIB_MBSNRTOWCS=''
GNULIB_MBSPBRK=''
GNULIB_MBSPCASECMP=''
GNULIB_MBSRCHR=''
GNULIB_MBSRTOWCS=''
GNULIB_MBSSEP=''
GNULIB_MBSSPN=''
GNULIB_MBSSTR=''
GNULIB_MBSTOK_R=''
GNULIB_MBTOWC=''
GNULIB_MEMCHR=''
GNULIB_MEMMEM=''
GNULIB_MEMPCPY=''
GNULIB_MEMRCHR=''
GNULIB_MKDIRAT=''
GNULIB_MKDTEMP=''
GNULIB_MKFIFO=''
GNULIB_MKFIFOAT=''
GNULIB_MKNOD=''
GNULIB_MKNODAT=''
GNULIB_MKOSTEMP=''
GNULIB_MKOSTEMPS=''
GNULIB_MKSTEMP=''
GNULIB_MKSTEMPS=''
GNULIB_MKTIME=''
GNULIB_NANOSLEEP=''
GNULIB_NONBLOCKING=''
GNULIB_OBSTACK_PRINTF=''
GNULIB_OBSTACK_PRINTF_POSIX=''
GNULIB_OPEN=''
GNULIB_OPENAT=''
GNULIB_PERROR=''
GNULIB_PIPE2=''
GNULIB_PIPE=''
GNULIB_POPEN=''
GNULIB_POSIX_SPAWN=''
GNULIB_POSIX_SPAWNATTR_DESTROY=''
GNULIB_POSIX_SPAWNATTR_GETFLAGS=''
GNULIB_POSIX_SPAWNATTR_GETPGROUP=''
GNULIB_POSIX_SPAWNATTR_GETSCHEDPARAM=''
GNULIB_POSIX_SPAWNATTR_GETSCHEDPOLICY=''
GNULIB_POSIX_SPAWNATTR_GETSIGDEFAULT=''
GNULIB_POSIX_SPAWNATTR_GETSIGMASK=''
GNULIB_POSIX_SPAWNATTR_INIT=''
GNULIB_POSIX_SPAWNATTR_SETFLAGS=''
GNULIB_POSIX_SPAWNATTR_SETPGROUP=''
GNULIB_POSIX_SPAWNATTR_SETSCHEDPARAM=''
GNULIB_POSIX_SPAWNATTR_SETSCHEDPOLICY=''
GNULIB_POSIX_SPAWNATTR_SETSIGDEFAULT=''
GNULIB_POSIX_SPAWNATTR_SETSIGMASK=''
GNULIB_POSIX_SPAWNP=''
GNULIB_POSIX_SPAWN_FILE_ACTIONS_ADDCLOSE=''
GNULIB_POSIX_SPAWN_FILE_ACTIONS_ADDDUP2=''
GNULIB_POSIX_SPAWN_FILE_ACTIONS_ADDOPEN=''
GNULIB_POSIX_SPAWN_FILE_ACTIONS_DESTROY=''
GNULIB_POSIX_SPAWN_FILE_ACTIONS_INIT=''
GNULIB_PREAD=''
GNULIB_PRINTF=''
GNULIB_PRINTF_POSIX=''
GNULIB_PSELECT=''
GNULIB_PTHREAD_SIGMASK=''
GNULIB_PTSNAME=''
GNULIB_PUTC=''
GNULIB_PUTCHAR=''
GNULIB_PUTENV=''
GNULIB_PUTS=''
GNULIB_PWRITE=''
GNULIB_RANDOM_R=''
GNULIB_RAWMEMCHR=''
GNULIB_READ=''
GNULIB_READLINK=''
GNULIB_READLINKAT=''
GNULIB_REALLOC_POSIX=''
GNULIB_REALPATH=''
GNULIB_RECV=''
GNULIB_RECVFROM=''
GNULIB_REMOVE=''
GNULIB_RENAME=''
GNULIB_RENAMEAT=''
GNULIB_RMDIR=''
GNULIB_RPMATCH=''
GNULIB_SCANF=''
GNULIB_SELECT=''
GNULIB_SEND=''
GNULIB_SENDTO=''
GNULIB_SETENV=''
GNULIB_SETSOCKOPT=''
GNULIB_SHUTDOWN=''
GNULIB_SIGACTION=''
GNULIB_SIGNAL_H_SIGPIPE=''
GNULIB_SIGPROCMASK=''
GNULIB_SLEEP=''
GNULIB_SNPRINTF=''
GNULIB_SOCKET=''
GNULIB_SPRINTF_POSIX=''
GNULIB_STAT=''
GNULIB_STDIO_H_NONBLOCKING=''
GNULIB_STDIO_H_SIGPIPE=''
GNULIB_STPCPY=''
GNULIB_STPNCPY=''
GNULIB_STRCASESTR=''
GNULIB_STRCHRNUL=''
GNULIB_STRDUP=''
GNULIB_STRERROR=''
GNULIB_STRERROR_R=''
GNULIB_STRNCAT=''
GNULIB_STRNDUP=''
GNULIB_STRNLEN=''
GNULIB_STRPBRK=''
GNULIB_STRPTIME=''
GNULIB_STRSEP=''
GNULIB_STRSIGNAL=''
GNULIB_STRSTR=''
GNULIB_STRTOD=''
GNULIB_STRTOK_R=''
GNULIB_STRTOLL=''
GNULIB_STRTOULL=''
GNULIB_STRVERSCMP=''
GNULIB_SYMLINK=''
GNULIB_SYMLINKAT=''
GNULIB_SYSTEM_POSIX=''
GNULIB_TIMEGM=''
GNULIB_TIME_R=''
GNULIB_TMPFILE=''
GNULIB_TOWCTRANS=''
GNULIB_TTYNAME_R=''
GNULIB_UNISTD_H_GETOPT=''
GNULIB_UNISTD_H_NONBLOCKING=''
GNULIB_UNISTD_H_SIGPIPE=''
GNULIB_UNLINK=''
GNULIB_UNLINKAT=''
GNULIB_UNLOCKPT=''
GNULIB_UNSETENV=''
GNULIB_USLEEP=''
GNULIB_UTIMENSAT=''
GNULIB_VASPRINTF=''
GNULIB_VDPRINTF=''
GNULIB_VFPRINTF=''
GNULIB_VFPRINTF_POSIX=''
GNULIB_VFSCANF=''
GNULIB_VPRINTF=''
GNULIB_VPRINTF_POSIX=''
GNULIB_VSCANF=''
GNULIB_VSNPRINTF=''
GNULIB_VSPRINTF_POSIX=''
GNULIB_WAITPID=''
GNULIB_WCPCPY=''
GNULIB_WCPNCPY=''
GNULIB_WCRTOMB=''
GNULIB_WCSCASECMP=''
GNULIB_WCSCAT=''
GNULIB_WCSCHR=''
GNULIB_WCSCMP=''
GNULIB_WCSCOLL=''
GNULIB_WCSCPY=''
GNULIB_WCSCSPN=''
GNULIB_WCSDUP=''
GNULIB_WCSLEN=''
GNULIB_WCSNCASECMP=''
GNULIB_WCSNCAT=''
GNULIB_WCSNCMP=''
GNULIB_WCSNCPY=''
GNULIB_WCSNLEN=''
GNULIB_WCSNRTOMBS=''
GNULIB_WCSPBRK=''
GNULIB_WCSRCHR=''
GNULIB_WCSRTOMBS=''
GNULIB_WCSSPN=''
GNULIB_WCSSTR=''
GNULIB_WCSTOK=''
GNULIB_WCSWIDTH=''
GNULIB_WCSXFRM=''
GNULIB_WCTOB=''
GNULIB_WCTOMB=''
GNULIB_WCTRANS=''
GNULIB_WCTYPE=''
GNULIB_WCWIDTH=''
GNULIB_WMEMCHR=''
GNULIB_WMEMCMP=''
GNULIB_WMEMCPY=''
GNULIB_WMEMMOVE=''
GNULIB_WMEMSET=''
GNULIB_WRITE=''
GNULIB__EXIT=''
GREP=''
HAVE_ACCEPT4=''
HAVE_ARPA_INET_H=''
HAVE_ATOLL=''
HAVE_BTOWC=''
HAVE_CANONICALIZE_FILE_NAME=''
HAVE_CHOWN=''
HAVE_DECL_ENVIRON=''
HAVE_DECL_FCHDIR=''
HAVE_DECL_FPURGE=''
HAVE_DECL_FREEADDRINFO=''
HAVE_DECL_FSEEKO=''
HAVE_DECL_FTELLO=''
HAVE_DECL_GAI_STRERROR=''
HAVE_DECL_GETADDRINFO=''
HAVE_DECL_GETDELIM=''
HAVE_DECL_GETDOMAINNAME=''
HAVE_DECL_GETLINE=''
HAVE_DECL_GETLOADAVG=''
HAVE_DECL_GETLOGIN_R=''
HAVE_DECL_GETNAMEINFO=''
HAVE_DECL_GETPAGESIZE=''
HAVE_DECL_GETUSERSHELL=''
HAVE_DECL_INET_NTOP=''
HAVE_DECL_INET_PTON=''
HAVE_DECL_LOCALTIME_R=''
HAVE_DECL_MEMMEM=''
HAVE_DECL_MEMRCHR=''
HAVE_DECL_OBSTACK_PRINTF=''
HAVE_DECL_SETENV=''
HAVE_DECL_SNPRINTF=''
HAVE_DECL_STRDUP=''
HAVE_DECL_STRERROR_R=''
HAVE_DECL_STRNCASECMP=''
HAVE_DECL_STRNDUP=''
HAVE_DECL_STRNLEN=''
HAVE_DECL_STRSIGNAL=''
HAVE_DECL_STRTOK_R=''
HAVE_DECL_TTYNAME_R=''
HAVE_DECL_UNSETENV=''
HAVE_DECL_VSNPRINTF=''
HAVE_DECL_WCTOB=''
HAVE_DECL_WCWIDTH=''
HAVE_DPRINTF=''
HAVE_DUP2=''
HAVE_DUP3=''
HAVE_EUIDACCESS=''
HAVE_FACCESSAT=''
HAVE_FCHDIR=''
HAVE_FCHMODAT=''
HAVE_FCHOWNAT=''
HAVE_FCNTL=''
HAVE_FEATURES_H=''
HAVE_FFS=''
HAVE_FFSL=''
HAVE_FFSLL=''
HAVE_FSEEKO=''
HAVE_FSTATAT=''
HAVE_FSYNC=''
HAVE_FTELLO=''
HAVE_FTRUNCATE=''
HAVE_FUTIMENS=''
HAVE_GETDTABLESIZE=''
HAVE_GETGROUPS=''
HAVE_GETHOSTNAME=''
HAVE_GETLOGIN=''
HAVE_GETOPT_H=''
HAVE_GETPAGESIZE=''
HAVE_GETSUBOPT=''
HAVE_GETTIMEOFDAY=''
HAVE_GRANTPT=''
HAVE_GROUP_MEMBER=''
HAVE_INTTYPES_H=''
HAVE_ISWBLANK=''
HAVE_ISWCNTRL=''
HAVE_LCHMOD=''
HAVE_LCHOWN=''
HAVE_LIBGNUTLS=''
HAVE_LIBSSL=''
HAVE_LINK=''
HAVE_LINKAT=''
HAVE_LONG_LONG_INT=''
HAVE_LSTAT=''
HAVE_MBRLEN=''
HAVE_MBRTOWC=''
HAVE_MBSINIT=''
HAVE_MBSLEN=''
HAVE_MBSNRTOWCS=''
HAVE_MBSRTOWCS=''
HAVE_MEMCHR=''
HAVE_MEMPCPY=''
HAVE_MKDIRAT=''
HAVE_MKDTEMP=''
HAVE_MKFIFO=''
HAVE_MKFIFOAT=''
HAVE_MKNOD=''
HAVE_MKNODAT=''
HAVE_MKOSTEMP=''
HAVE_MKOSTEMPS=''
HAVE_MKSTEMP=''
HAVE_MKSTEMPS=''
HAVE_NANOSLEEP=''
HAVE_NETDB_H=''
HAVE_NETINET_IN_H=''
HAVE_OPENAT=''
HAVE_OS_H=''
HAVE_PIPE2=''
HAVE_PIPE=''
HAVE_POSIX_SIGNALBLOCKING=''
HAVE_POSIX_SPAWN=''
HAVE_POSIX_SPAWNATTR_T=''
HAVE_POSIX_SPAWN_FILE_ACTIONS_T=''
HAVE_PREAD=''
HAVE_PSELECT=''
HAVE_PTHREAD_SIGMASK=''
HAVE_PTSNAME=''
HAVE_PWRITE=''
HAVE_RANDOM_H=''
HAVE_RANDOM_R=''
HAVE_RAWMEMCHR=''
HAVE_READLINK=''
HAVE_READLINKAT=''
HAVE_REALPATH=''
HAVE_RENAMEAT=''
HAVE_RPMATCH=''
HAVE_SA_FAMILY_T=''
HAVE_SCHED_H=''
HAVE_SETENV=''
HAVE_SIGACTION=''
HAVE_SIGHANDLER_T=''
HAVE_SIGINFO_T=''
HAVE_SIGNED_SIG_ATOMIC_T=''
HAVE_SIGNED_WCHAR_T=''
HAVE_SIGNED_WINT_T=''
HAVE_SIGSET_T=''
HAVE_SLEEP=''
HAVE_SPAWN_H=''
HAVE_STDINT_H=''
HAVE_STPCPY=''
HAVE_STPNCPY=''
HAVE_STRCASECMP=''
HAVE_STRCASESTR=''
HAVE_STRCHRNUL=''
HAVE_STRINGS_H=''
HAVE_STRPBRK=''
HAVE_STRPTIME=''
HAVE_STRSEP=''
HAVE_STRTOD=''
HAVE_STRTOLL=''
HAVE_STRTOULL=''
HAVE_STRUCT_ADDRINFO=''
HAVE_STRUCT_RANDOM_DATA=''
HAVE_STRUCT_SCHED_PARAM=''
HAVE_STRUCT_SIGACTION_SA_SIGACTION=''
HAVE_STRUCT_SOCKADDR_STORAGE=''
HAVE_STRUCT_SOCKADDR_STORAGE_SS_FAMILY=''
HAVE_STRUCT_TIMEVAL=''
HAVE_STRVERSCMP=''
HAVE_SYMLINK=''
HAVE_SYMLINKAT=''
HAVE_SYS_BITYPES_H=''
HAVE_SYS_INTTYPES_H=''
HAVE_SYS_IOCTL_H=''
HAVE_SYS_LOADAVG_H=''
HAVE_SYS_PARAM_H=''
HAVE_SYS_SELECT_H=''
HAVE_SYS_SOCKET_H=''
HAVE_SYS_TIME_H=''
HAVE_SYS_TYPES_H=''
HAVE_SYS_UIO_H=''
HAVE_TIMEGM=''
HAVE_TYPE_VOLATILE_SIG_ATOMIC_T=''
HAVE_UNISTD_H=''
HAVE_UNLINKAT=''
HAVE_UNLOCKPT=''
HAVE_UNSIGNED_LONG_LONG_INT=''
HAVE_USLEEP=''
HAVE_UTIMENSAT=''
HAVE_VASPRINTF=''
HAVE_VDPRINTF=''
HAVE_WCHAR_H=''
HAVE_WCHAR_T=''
HAVE_WCPCPY=''
HAVE_WCPNCPY=''
HAVE_WCRTOMB=''
HAVE_WCSCASECMP=''
HAVE_WCSCAT=''
HAVE_WCSCHR=''
HAVE_WCSCMP=''
HAVE_WCSCOLL=''
HAVE_WCSCPY=''
HAVE_WCSCSPN=''
HAVE_WCSDUP=''
HAVE_WCSLEN=''
HAVE_WCSNCASECMP=''
HAVE_WCSNCAT=''
HAVE_WCSNCMP=''
HAVE_WCSNCPY=''
HAVE_WCSNLEN=''
HAVE_WCSNRTOMBS=''
HAVE_WCSPBRK=''
HAVE_WCSRCHR=''
HAVE_WCSRTOMBS=''
HAVE_WCSSPN=''
HAVE_WCSSTR=''
HAVE_WCSTOK=''
HAVE_WCSWIDTH=''
HAVE_WCSXFRM=''
HAVE_WCTRANS_T=''
HAVE_WCTYPE_H=''
HAVE_WCTYPE_T=''
HAVE_WINSOCK2_H=''
HAVE_WINT_T=''
HAVE_WMEMCHR=''
HAVE_WMEMCMP=''
HAVE_WMEMCPY=''
HAVE_WMEMMOVE=''
HAVE_WMEMSET=''
HAVE_WS2TCPIP_H=''
HAVE__BOOL=''
HAVE__EXIT=''
HOSTENT_LIB=''
ICONV_CONST=''
ICONV_H=''
INCLUDE_NEXT=''
INCLUDE_NEXT_AS_FIRST_DIRECTIVE=''
INET_NTOP_LIB=''
INSTALL_DATA='${INSTALL} -m 644'
INSTALL_PROGRAM='${INSTALL}'
INSTALL_SCRIPT='${INSTALL}'
INSTALL_STRIP_PROGRAM='$(install_sh) -c -s'
INTLLIBS=''
INTL_MACOSX_LIBS=''
IRI_IS_ENABLED_FALSE=''
IRI_IS_ENABLED_TRUE=''
LDFLAGS=''
LEX=''
LEXLIB=''
LEX_OUTPUT_ROOT=''
LIBGNUTLS=''
LIBGNUTLS_PREFIX=''
LIBGNU_LIBDEPS=''
LIBGNU_LTLIBDEPS=''
LIBICONV=''
LIBINTL=''
LIBMULTITHREAD=''
LIBOBJS=''
LIBPTH=''
LIBPTH_PREFIX=''
LIBS=''
LIBSOCKET=''
LIBSSL=''
LIBSSL_PREFIX=''
LIBTHREAD=''
LIB_CLOCK_GETTIME=''
LOCALCHARSET_TESTS_ENVIRONMENT=''
LOCALE_FR_UTF8=''
LOCALE_JA=''
LOCALE_ZH_CN=''
LTLIBGNUTLS=''
LTLIBICONV=''
LTLIBINTL=''
LTLIBMULTITHREAD=''
LTLIBOBJS=''
LTLIBPTH=''
LTLIBSSL=''
LTLIBTHREAD=''
MAKEINFO='${SHELL} /Users/phun/Documents/aws/samples/i_2_1_v2/wget-1.13.4/build-aux/missing --run makeinfo'
MKDIR_P='build-aux/install-sh -c -d'
MSGFMT=''
MSGFMT_015=''
MSGMERGE=''
NETINET_IN_H=''
NEXT_ARPA_INET_H=''
NEXT_AS_FIRST_DIRECTIVE_ARPA_INET_H=''
NEXT_AS_FIRST_DIRECTIVE_ERRNO_H=''
NEXT_AS_FIRST_DIRECTIVE_FCNTL_H=''
NEXT_AS_FIRST_DIRECTIVE_FLOAT_H=''
NEXT_AS_FIRST_DIRECTIVE_GETOPT_H=''
NEXT_AS_FIRST_DIRECTIVE_ICONV_H=''
NEXT_AS_FIRST_DIRECTIVE_NETDB_H=''
NEXT_AS_FIRST_DIRECTIVE_NETINET_IN_H=''
NEXT_AS_FIRST_DIRECTIVE_SCHED_H=''
NEXT_AS_FIRST_DIRECTIVE_SIGNAL_H=''
NEXT_AS_FIRST_DIRECTIVE_SPAWN_H=''
NEXT_AS_FIRST_DIRECTIVE_STDDEF_H=''
NEXT_AS_FIRST_DIRECTIVE_STDINT_H=''
NEXT_AS_FIRST_DIRECTIVE_STDIO_H=''
NEXT_AS_FIRST_DIRECTIVE_STDLIB_H=''
NEXT_AS_FIRST_DIRECTIVE_STRINGS_H=''
NEXT_AS_FIRST_DIRECTIVE_STRING_H=''
NEXT_AS_FIRST_DIRECTIVE_SYS_IOCTL_H=''
NEXT_AS_FIRST_DIRECTIVE_SYS_SELECT_H=''
NEXT_AS_FIRST_DIRECTIVE_SYS_SOCKET_H=''
NEXT_AS_FIRST_DIRECTIVE_SYS_STAT_H=''
NEXT_AS_FIRST_DIRECTIVE_SYS_TIME_H=''
NEXT_AS_FIRST_DIRECTIVE_SYS_TYPES_H=''
NEXT_AS_FIRST_DIRECTIVE_SYS_UIO_H=''
NEXT_AS_FIRST_DIRECTIVE_SYS_WAIT_H=''
NEXT_AS_FIRST_DIRECTIVE_TIME_H=''
NEXT_AS_FIRST_DIRECTIVE_UNISTD_H=''
NEXT_AS_FIRST_DIRECTIVE_WCHAR_H=''
NEXT_AS_FIRST_DIRECTIVE_WCTYPE_H=''
NEXT_ERRNO_H=''
NEXT_FCNTL_H=''
NEXT_FLOAT_H=''
NEXT_GETOPT_H=''
NEXT_ICONV_H=''
NEXT_NETDB_H=''
NEXT_NETINET_IN_H=''
NEXT_SCHED_H=''
NEXT_SIGNAL_H=''
NEXT_SPAWN_H=''
NEXT_STDDEF_H=''
NEXT_STDINT_H=''
NEXT_STDIO_H=''
NEXT_STDLIB_H=''
NEXT_STRINGS_H=''
NEXT_STRING_H=''
NEXT_SYS_IOCTL_H=''
NEXT_SYS_SELECT_H=''
NEXT_SYS_SOCKET_H=''
NEXT_SYS_STAT_H=''
NEXT_SYS_TIME_H=''
NEXT_SYS_TYPES_H=''
NEXT_SYS_UIO_H=''
NEXT_SYS_WAIT_H=''
NEXT_TIME_H=''
NEXT_UNISTD_H=''
NEXT_WCHAR_H=''
NEXT_WCTYPE_H=''
OBJEXT=''
PACKAGE='wget'
PACKAGE_BUGREPORT='bug-wget@gnu.org'
PACKAGE_NAME='wget'
PACKAGE_STRING='wget 1.13.4'
PACKAGE_TARNAME='wget'
PACKAGE_URL=''
PACKAGE_VERSION='1.13.4'
PATH_SEPARATOR=':'
PERL=''
POD2MAN=''
POSUB=''
PRAGMA_COLUMNS=''
PRAGMA_SYSTEM_HEADER=''
PTHREAD_H_DEFINES_STRUCT_TIMESPEC=''
PTRDIFF_T_SUFFIX=''
RANLIB=''
REPLACE_BTOWC=''
REPLACE_CALLOC=''
REPLACE_CANONICALIZE_FILE_NAME=''
REPLACE_CHOWN=''
REPLACE_CLOSE=''
REPLACE_DPRINTF=''
REPLACE_DUP2=''
REPLACE_DUP=''
REPLACE_FCHOWNAT=''
REPLACE_FCLOSE=''
REPLACE_FCNTL=''
REPLACE_FFLUSH=''
REPLACE_FOPEN=''
REPLACE_FPRINTF=''
REPLACE_FPURGE=''
REPLACE_FREOPEN=''
REPLACE_FSEEK=''
REPLACE_FSEEKO=''
REPLACE_FSTAT=''
REPLACE_FSTATAT=''
REPLACE_FTELL=''
REPLACE_FTELLO=''
REPLACE_FUTIMENS=''
REPLACE_GAI_STRERROR=''
REPLACE_GETCWD=''
REPLACE_GETDELIM=''
REPLACE_GETDOMAINNAME=''
REPLACE_GETGROUPS=''
REPLACE_GETLINE=''
REPLACE_GETLOGIN_R=''
REPLACE_GETPAGESIZE=''
REPLACE_GETTIMEOFDAY=''
REPLACE_ICONV=''
REPLACE_ICONV_OPEN=''
REPLACE_ICONV_UTF=''
REPLACE_IOCTL=''
REPLACE_ISWBLANK=''
REPLACE_ISWCNTRL=''
REPLACE_LCHOWN=''
REPLACE_LINK=''
REPLACE_LINKAT=''
REPLACE_LOCALTIME_R=''
REPLACE_LSEEK=''
REPLACE_LSTAT=''
REPLACE_MALLOC=''
REPLACE_MBRLEN=''
REPLACE_MBRTOWC=''
REPLACE_MBSINIT=''
REPLACE_MBSNRTOWCS=''
REPLACE_MBSRTOWCS=''
REPLACE_MBSTATE_T=''
REPLACE_MBTOWC=''
REPLACE_MEMCHR=''
REPLACE_MEMMEM=''
REPLACE_MKDIR=''
REPLACE_MKFIFO=''
REPLACE_MKNOD=''
REPLACE_MKSTEMP=''
REPLACE_MKTIME=''
REPLACE_NANOSLEEP=''
REPLACE_NULL=''
REPLACE_OBSTACK_PRINTF=''
REPLACE_OPEN=''
REPLACE_OPENAT=''
REPLACE_PERROR=''
REPLACE_POPEN=''
REPLACE_POSIX_SPAWN=''
REPLACE_PREAD=''
REPLACE_PRINTF=''
REPLACE_PSELECT=''
REPLACE_PTHREAD_SIGMASK=''
REPLACE_PUTENV=''
REPLACE_PWRITE=''
REPLACE_READ=''
REPLACE_READLINK=''
REPLACE_REALLOC=''
REPLACE_REALPATH=''
REPLACE_REMOVE=''
REPLACE_RENAME=''
REPLACE_RENAMEAT=''
REPLACE_RMDIR=''
REPLACE_SELECT=''
REPLACE_SETENV=''
REPLACE_SLEEP=''
REPLACE_SNPRINTF=''
REPLACE_SPRINTF=''
REPLACE_STAT=''
REPLACE_STDIO_READ_FUNCS=''
REPLACE_STDIO_WRITE_FUNCS=''
REPLACE_STPNCPY=''
REPLACE_STRCASESTR=''
REPLACE_STRCHRNUL=''
REPLACE_STRDUP=''
REPLACE_STRERROR=''
REPLACE_STRERROR_R=''
REPLACE_STRNCAT=''
REPLACE_STRNDUP=''
REPLACE_STRNLEN=''
REPLACE_STRSIGNAL=''
REPLACE_STRSTR=''
REPLACE_STRTOD=''
REPLACE_STRTOK_R=''
REPLACE_SYMLINK=''
REPLACE_TIMEGM=''
REPLACE_TMPFILE=''
REPLACE_TOWLOWER=''
REPLACE_TTYNAME_R=''
REPLACE_UNLINK=''
REPLACE_UNLINKAT=''
REPLACE_UNSETENV=''
REPLACE_USLEEP=''
REPLACE_UTIMENSAT=''
REPLACE_VASPRINTF=''
REPLACE_VDPRINTF=''
REPLACE_VFPRINTF=''
REPLACE_VPRINTF=''
REPLACE_VSNPRINTF=''
REPLACE_VSPRINTF=''
REPLACE_WCRTOMB=''
REPLACE_WCSNRTOMBS=''
REPLACE_WCSRTOMBS=''
REPLACE_WCSWIDTH=''
REPLACE_WCTOB=''
REPLACE_WCTOMB=''
REPLACE_WCWIDTH=''
REPLACE_WRITE=''
SCHED_H=''
SERVENT_LIB=''
SET_MAKE='MAKE=make'
SHELL='/bin/sh'
SIG_ATOMIC_T_SUFFIX=''
SIZE_T_SUFFIX=''
STDBOOL_H=''
STDDEF_H=''
STDINT_H=''
STRIP=''
SYS_IOCTL_H_HAVE_WINSOCK2_H=''
SYS_IOCTL_H_HAVE_WINSOCK2_H_AND_USE_SOCKETS=''
SYS_TIME_H_DEFINES_STRUCT_TIMESPEC=''
TIME_H_DEFINES_STRUCT_TIMESPEC=''
UNDEFINE_STRTOK_R=''
UNISTD_H_HAVE_WINSOCK2_H=''
UNISTD_H_HAVE_WINSOCK2_H_AND_USE_SOCKETS=''
USE_NLS=''
VERSION='1.13.4'
WCHAR_T_SUFFIX=''
WINT_T_SUFFIX=''
XGETTEXT=''
XGETTEXT_015=''
XGETTEXT_EXTRA_OPTIONS=''
ac_ct_CC=''
am__EXEEXT_FALSE=''
am__EXEEXT_TRUE=''
am__fastdepCC_FALSE=''
am__fastdepCC_TRUE=''
am__include=''
am__isrc=''
am__leading_dot='.'
am__quote=''
am__tar='${AMTAR} chof - "$$tardir"'
am__untar='${AMTAR} xf -'
bindir='${exec_prefix}/bin'
build='i386-apple-darwin12.3.0'
build_alias=''
build_cpu='i386'
build_os='darwin12.3.0'
build_vendor='apple'
datadir='${datarootdir}'
datarootdir='${prefix}/share'
docdir='${datarootdir}/doc/${PACKAGE_TARNAME}'
dvidir='${docdir}'
exec_prefix='NONE'
gl_LIBOBJS=''
gl_LTLIBOBJS=''
gltests_LIBOBJS=''
gltests_LTLIBOBJS=''
gltests_WITNESS=''
host='i386-apple-darwin12.3.0'
host_alias=''
host_cpu='i386'
host_os='darwin12.3.0'
host_vendor='apple'
htmldir='${docdir}'
includedir='${prefix}/include'
infodir='${datarootdir}/info'
install_sh='${SHELL} /Users/phun/Documents/aws/samples/i_2_1_v2/wget-1.13.4/build-aux/install-sh'
libdir='${exec_prefix}/lib'
libexecdir='${exec_prefix}/libexec'
lispdir=''
localedir='${datarootdir}/locale'
localstatedir='${prefix}/var'
mandir='${datarootdir}/man'
mkdir_p='$(top_builddir)/build-aux/install-sh -c -d'
oldincludedir='/usr/include'
pdfdir='${docdir}'
pkglibexecdir=''
prefix='NONE'
program_transform_name='s,x,x,'
psdir='${docdir}'
sbindir='${exec_prefix}/sbin'
sharedstatedir='${prefix}/com'
sysconfdir='${prefix}/etc'
target_alias=''

## ----------- ##
## confdefs.h. ##
## ----------- ##

/* confdefs.h */
#define PACKAGE_NAME "wget"
#define PACKAGE_TARNAME "wget"
#define PACKAGE_VERSION "1.13.4"
#define PACKAGE_STRING "wget 1.13.4"
#define PACKAGE_BUGREPORT "bug-wget@gnu.org"
#define PACKAGE_URL ""
#define PACKAGE "wget"
#define VERSION "1.13.4"
#define OS_TYPE "darwin12.3.0"
#define ENABLE_OPIE 1
#define ENABLE_DIGEST 1
#define ENABLE_DEBUG 1

configure: exit 1
