None
[s1_c01_v01]  Precision: 0.5833  Recall:1.0000  F1:0.7368  F2:0.8750 turk: 15 true: 7 match: 7 fp: 5 fn: 0
[s1_c01_v02]  Precision: 0.6842  Recall:0.9286  F1:0.7879  F2:0.8667 turk: 20 true: 14 match: 13 fp: 6 fn: 1
[s1_c01_v03]  Precision: 0.7500  Recall:0.9000  F1:0.8182  F2:0.8654 turk: 15 true: 10 match: 9 fp: 3 fn: 1
34.745 38
Truth  Add sauce
Turker Spread dough by hand.  No rolling pin may be used.
71.885 68
Truth  add olive oil
Turker add basil leaves and oil
41.295 48
Truth  Add cheese
Turker Add sauce
54.565 62
Truth  Add basil leaves
Turker Add the cheese
[s1_c01_v04]  Precision: 0.5714  Recall:0.6667  F1:0.6154  F2:0.6452 turk: 7 true: 6 match: 4 fp: 3 fn: 2
[s1_c01_v05]  Precision: 0.3704  Recall:1.0000  F1:0.5406  F2:0.7463 turk: 31 true: 10 match: 10 fp: 17 fn: 0
[s1_c02_v01]  Precision: 0.4516  Recall:0.8750  F1:0.5957  F2:0.7368 turk: 33 true: 16 match: 14 fp: 17 fn: 2
[s1_c02_v02]  Precision: 0.5000  Recall:0.5263  F1:0.5128  F2:0.5208 turk: 24 true: 19 match: 10 fp: 10 fn: 9
[s1_c02_v03]  Precision: 0.5714  Recall:0.8889  F1:0.6956  F2:0.8000 turk: 18 true: 9 match: 8 fp: 6 fn: 1
[s1_c02_v04]  Precision: 0.7222  Recall:0.7647  F1:0.7428  F2:0.7558 turk: 22 true: 17 match: 13 fp: 5 fn: 4
[s1_c02_v05]  Precision: 0.8750  Recall:0.5000  F1:0.6364  F2:0.5469 turk: 12 true: 14 match: 7 fp: 1 fn: 7
[s1_c03_v01]  Precision: 0.9231  Recall:0.7500  F1:0.8276  F2:0.7792 turk: 17 true: 16 match: 12 fp: 1 fn: 4
[s1_c03_v02]  Precision: 0.5789  Recall:0.9167  F1:0.7097  F2:0.8209 turk: 20 true: 12 match: 11 fp: 8 fn: 1
[s1_c03_v03]  Precision: 0.8000  Recall:0.7500  F1:0.7742  F2:0.7595 turk: 19 true: 16 match: 12 fp: 3 fn: 4
[s1_c03_v04]  Precision: 0.7500  Recall:0.6667  F1:0.7059  F2:0.6818 turk: 14 true: 9 match: 6 fp: 2 fn: 3
[s1_c03_v05]  Precision: 0.6667  Recall:0.6667  F1:0.6667  F2:0.6667 turk: 11 true: 9 match: 6 fp: 3 fn: 3
[s1_c04_v01]  Precision: 0.9000  Recall:0.6207  F1:0.7347  F2:0.6618 turk: 22 true: 29 match: 18 fp: 2 fn: 11
[s1_c04_v02]  Precision: 1.0000  Recall:0.5000  F1:0.6667  F2:0.5556 turk: 11 true: 22 match: 11 fp: 0 fn: 11
[s1_c04_v03]  Precision: 0.7037  Recall:0.5758  F1:0.6334  F2:0.5975 turk: 31 true: 33 match: 19 fp: 8 fn: 14
no matches for this video.
[s1_c04_v05]  Precision: 0.5333  Recall:0.8000  F1:0.6400  F2:0.7273 turk: 36 true: 20 match: 16 fp: 14 fn: 4
[s1_c05_v01]  Precision: 0.7500  Recall:0.7500  F1:0.7500  F2:0.7500 turk: 14 true: 12 match: 9 fp: 3 fn: 3
[s1_c05_v02]  Precision: 0.6667  Recall:0.6667  F1:0.6667  F2:0.6667 turk: 11 true: 9 match: 6 fp: 3 fn: 3
[s1_c05_v03]  Precision: 0.7500  Recall:0.9000  F1:0.8182  F2:0.8654 turk: 12 true: 10 match: 9 fp: 3 fn: 1
[s1_c05_v04]  Precision: 0.4444  Recall:0.4706  F1:0.4571  F2:0.4651 turk: 22 true: 17 match: 8 fp: 10 fn: 9
[s1_c05_v05]  Precision: 0.7727  Recall:1.0000  F1:0.8718  F2:0.9444 turk: 22 true: 17 match: 17 fp: 5 fn: 0
no ground truth available s1_m01_v01
no ground truth available s1_m01_v02
no ground truth available s1_m01_v03
no ground truth available s1_m01_v04
no ground truth available s1_m01_v05
no ground truth available s1_m02_v01
no ground truth available s1_m02_v02
no ground truth available s1_m02_v03
no ground truth available s1_m02_v04
no ground truth available s1_m02_v05
no ground truth available s1_m03_v01
no ground truth available s1_m03_v02
no ground truth available s1_m03_v03
no ground truth available s1_m03_v04
no ground truth available s1_m03_v05
no ground truth available s1_m04_v01
no ground truth available s1_m04_v02
no ground truth available s1_m04_v03
no ground truth available s1_m04_v04
no ground truth available s1_m04_v05
no ground truth available s1_m05_v01
no ground truth available s1_m05_v02
no ground truth available s1_m05_v03
no ground truth available s1_m05_v05
no ground truth available s1_p01_v01
no ground truth available s1_p01_v02
no ground truth available s1_p01_v03
no ground truth available s1_p01_v04
no ground truth available s1_p01_v05
no ground truth available s1_p02_v01
no ground truth available s1_p02_v02
no ground truth available s1_p02_v03
no ground truth available s1_p02_v04
no ground truth available s1_p02_v05
no ground truth available s1_p03_v01
no ground truth available s1_p03_v02
no ground truth available s1_p03_v03
no ground truth available s1_p03_v04
no ground truth available s1_p03_v05
no ground truth available s1_p04_v02
no ground truth available s1_p04_v03
no ground truth available s1_p04_v04
no ground truth available s1_p04_v05
no ground truth available s1_p05_v01
no ground truth available s1_p05_v02
no ground truth available s1_p05_v03
no ground truth available s1_p05_v04
no ground truth available s1_p05_v05
=====================================
GLOBAL Precision: 0.6189 Recall:0.7224  F1:0.6667  F2:0.6990
