None
[s1_c01_v01]  Precision: 0.5833  Recall:1.0000  F1:0.7368  F2:0.8750 turk: 15 true: 7 match: 7 fp: 5 fn: 0
[s1_c01_v02]  Precision: 0.6842  Recall:0.9286  F1:0.7879  F2:0.8667 turk: 20 true: 14 match: 13 fp: 6 fn: 1
[s1_c01_v03]  Precision: 0.7692  Recall:1.0000  F1:0.8695  F2:0.9434 turk: 15 true: 10 match: 10 fp: 3 fn: 0
34.745 38
Truth  Add sauce
Turker Spread dough by hand.  No rolling pin may be used.
71.885 68
Truth  add olive oil
Turker add basil leaves and oil
41.295 48
Truth  Add cheese
Turker Add sauce
54.565 62
Truth  Add basil leaves
Turker Add the cheese
[s1_c01_v04]  Precision: 0.5714  Recall:0.6667  F1:0.6154  F2:0.6452 turk: 7 true: 6 match: 4 fp: 3 fn: 2
[s1_c01_v05]  Precision: 0.3333  Recall:1.0000  F1:0.5000  F2:0.7143 turk: 31 true: 10 match: 10 fp: 20 fn: 0
[s1_c02_v01]  Precision: 0.4375  Recall:0.8750  F1:0.5833  F2:0.7292 turk: 33 true: 16 match: 14 fp: 18 fn: 2
[s1_c02_v02]  Precision: 0.4783  Recall:0.5789  F1:0.5238  F2:0.5555 turk: 24 true: 19 match: 11 fp: 12 fn: 8
[s1_c02_v03]  Precision: 0.5000  Recall:0.8889  F1:0.6400  F2:0.7692 turk: 18 true: 9 match: 8 fp: 8 fn: 1
[s1_c02_v04]  Precision: 0.6842  Recall:0.7647  F1:0.7222  F2:0.7471 turk: 22 true: 17 match: 13 fp: 6 fn: 4
[s1_c02_v05]  Precision: 0.8750  Recall:0.5000  F1:0.6364  F2:0.5469 turk: 12 true: 14 match: 7 fp: 1 fn: 7
[s1_c03_v01]  Precision: 0.8571  Recall:0.7500  F1:0.8000  F2:0.7692 turk: 17 true: 16 match: 12 fp: 2 fn: 4
[s1_c03_v02]  Precision: 0.5789  Recall:0.9167  F1:0.7097  F2:0.8209 turk: 20 true: 12 match: 11 fp: 8 fn: 1
[s1_c03_v03]  Precision: 0.8125  Recall:0.8125  F1:0.8125  F2:0.8125 turk: 19 true: 16 match: 13 fp: 3 fn: 3
[s1_c03_v04]  Precision: 0.7778  Recall:0.7778  F1:0.7778  F2:0.7778 turk: 14 true: 9 match: 7 fp: 2 fn: 2
[s1_c03_v05]  Precision: 0.6667  Recall:0.6667  F1:0.6667  F2:0.6667 turk: 11 true: 9 match: 6 fp: 3 fn: 3
[s1_c04_v01]  Precision: 0.9000  Recall:0.6207  F1:0.7347  F2:0.6618 turk: 22 true: 29 match: 18 fp: 2 fn: 11
[s1_c04_v02]  Precision: 1.0000  Recall:0.5000  F1:0.6667  F2:0.5556 turk: 11 true: 22 match: 11 fp: 0 fn: 11
[s1_c04_v03]  Precision: 0.7333  Recall:0.6667  F1:0.6984  F2:0.6790 turk: 31 true: 33 match: 22 fp: 8 fn: 11
no matches for this video.
[s1_c04_v05]  Precision: 0.5161  Recall:0.8000  F1:0.6274  F2:0.7207 turk: 36 true: 20 match: 16 fp: 15 fn: 4
[s1_c05_v01]  Precision: 0.7500  Recall:0.7500  F1:0.7500  F2:0.7500 turk: 14 true: 12 match: 9 fp: 3 fn: 3
[s1_c05_v02]  Precision: 0.7000  Recall:0.7778  F1:0.7369  F2:0.7609 turk: 11 true: 9 match: 7 fp: 3 fn: 2
[s1_c05_v03]  Precision: 0.7500  Recall:0.9000  F1:0.8182  F2:0.8654 turk: 12 true: 10 match: 9 fp: 3 fn: 1
[s1_c05_v04]  Precision: 0.4444  Recall:0.4706  F1:0.4571  F2:0.4651 turk: 22 true: 17 match: 8 fp: 10 fn: 9
[s1_c05_v05]  Precision: 0.7727  Recall:1.0000  F1:0.8718  F2:0.9444 turk: 22 true: 17 match: 17 fp: 5 fn: 0
no ground truth available s1_m01_v01
no ground truth available s1_m01_v02
no ground truth available s1_m01_v03
no ground truth available s1_m01_v04
no ground truth available s1_m01_v05
no ground truth available s1_m02_v01
no ground truth available s1_m02_v02
no ground truth available s1_m02_v03
no ground truth available s1_m02_v04
no ground truth available s1_m02_v05
no ground truth available s1_m03_v01
no ground truth available s1_m03_v02
no ground truth available s1_m03_v03
no ground truth available s1_m03_v04
no ground truth available s1_m03_v05
no ground truth available s1_m04_v01
no ground truth available s1_m04_v02
no ground truth available s1_m04_v03
no ground truth available s1_m04_v04
no ground truth available s1_m04_v05
no ground truth available s1_m05_v01
no ground truth available s1_m05_v02
no ground truth available s1_m05_v03
no ground truth available s1_m05_v05
no ground truth available s1_p01_v01
no ground truth available s1_p01_v02
no ground truth available s1_p01_v03
no ground truth available s1_p01_v04
no ground truth available s1_p01_v05
no ground truth available s1_p02_v01
no ground truth available s1_p02_v02
no ground truth available s1_p02_v03
no ground truth available s1_p02_v04
no ground truth available s1_p02_v05
no ground truth available s1_p03_v01
no ground truth available s1_p03_v02
no ground truth available s1_p03_v03
no ground truth available s1_p03_v04
no ground truth available s1_p03_v05
no ground truth available s1_p04_v02
no ground truth available s1_p04_v03
no ground truth available s1_p04_v04
no ground truth available s1_p04_v05
no ground truth available s1_p05_v01
no ground truth available s1_p05_v02
no ground truth available s1_p05_v03
no ground truth available s1_p05_v04
no ground truth available s1_p05_v05
=====================================
GLOBAL Precision: 0.6102 Recall:0.7450  F1:0.6709  F2:0.7135
