None
no ground truth available s1_c01_v01
no ground truth available s1_c01_v02
no ground truth available s1_c01_v03
no ground truth available s1_c01_v04
no ground truth available s1_c01_v05
no ground truth available s1_c02_v01
no ground truth available s1_c02_v02
no ground truth available s1_c02_v03
no ground truth available s1_c02_v04
no ground truth available s1_c02_v05
no ground truth available s1_c03_v01
no ground truth available s1_c03_v02
no ground truth available s1_c03_v03
no ground truth available s1_c03_v04
no ground truth available s1_c03_v05
no ground truth available s1_c04_v01
no ground truth available s1_c04_v02
no ground truth available s1_c04_v03
no ground truth available s1_c04_v04
no ground truth available s1_c04_v05
no ground truth available s1_c05_v01
no ground truth available s1_c05_v02
no ground truth available s1_c05_v03
no ground truth available s1_c05_v04
no ground truth available s1_c05_v05
no ground truth available s1_m01_v01
no ground truth available s1_m01_v02
no ground truth available s1_m01_v03
no ground truth available s1_m01_v04
no ground truth available s1_m01_v05
no ground truth available s1_m02_v01
no ground truth available s1_m02_v02
no ground truth available s1_m02_v03
no ground truth available s1_m02_v04
no ground truth available s1_m02_v05
no ground truth available s1_m03_v01
no ground truth available s1_m03_v02
no ground truth available s1_m03_v03
no ground truth available s1_m03_v04
no ground truth available s1_m03_v05
no ground truth available s1_m04_v01
no ground truth available s1_m04_v02
no ground truth available s1_m04_v03
no ground truth available s1_m04_v04
no ground truth available s1_m04_v05
no ground truth available s1_m05_v01
no ground truth available s1_m05_v02
no ground truth available s1_m05_v03
no ground truth available s1_m05_v05
[s1_p01_v01]  Precision: 0.5000  Recall:1.0000  F1:0.6667  F2:0.8333 turk: 6 true: 3 match: 3 fp: 3 fn: 0
[s1_p01_v02]  Precision: 0.5714  Recall:1.0000  F1:0.7272  F2:0.8696 turk: 9 true: 4 match: 4 fp: 3 fn: 0
[s1_p01_v03]  Precision: 0.6154  Recall:1.0000  F1:0.7619  F2:0.8889 turk: 14 true: 8 match: 8 fp: 5 fn: 0
[s1_p01_v04]  Precision: 0.3636  Recall:0.6667  F1:0.4706  F2:0.5714 turk: 11 true: 6 match: 4 fp: 7 fn: 2
[s1_p01_v05]  Precision: 0.2308  Recall:0.7500  F1:0.3530  F2:0.5173 turk: 15 true: 4 match: 3 fp: 10 fn: 1
[s1_p02_v01]  Precision: 0.7500  Recall:0.8571  F1:0.8000  F2:0.8333 turk: 10 true: 7 match: 6 fp: 2 fn: 1
[s1_p02_v02]  Precision: 0.2500  Recall:1.0000  F1:0.4000  F2:0.6250 turk: 4 true: 1 match: 1 fp: 3 fn: 0
[s1_p02_v03]  Precision: 0.4000  Recall:0.8571  F1:0.5454  F2:0.6977 turk: 16 true: 7 match: 6 fp: 9 fn: 1
[s1_p02_v04]  Precision: 0.5000  Recall:0.8333  F1:0.6250  F2:0.7353 turk: 11 true: 6 match: 5 fp: 5 fn: 1
[s1_p02_v05]  Precision: 0.5714  Recall:0.6667  F1:0.6154  F2:0.6452 turk: 10 true: 6 match: 4 fp: 3 fn: 2
[s1_p03_v01]  Precision: 0.5385  Recall:0.8750  F1:0.6667  F2:0.7778 turk: 14 true: 8 match: 7 fp: 6 fn: 1
[s1_p03_v02]  Precision: 0.6000  Recall:0.6000  F1:0.6000  F2:0.6000 turk: 10 true: 10 match: 6 fp: 4 fn: 4
[s1_p03_v03]  Precision: 0.3750  Recall:1.0000  F1:0.5455  F2:0.7500 turk: 8 true: 3 match: 3 fp: 5 fn: 0
[s1_p03_v04]  Precision: 0.4667  Recall:0.5833  F1:0.5185  F2:0.5555 turk: 19 true: 12 match: 7 fp: 8 fn: 5
[s1_p03_v05]  Precision: 0.7778  Recall:0.5000  F1:0.6087  F2:0.5385 turk: 10 true: 14 match: 7 fp: 2 fn: 7
[s1_p04_v02]  Precision: 0.5000  Recall:0.8000  F1:0.6154  F2:0.7143 turk: 17 true: 10 match: 8 fp: 8 fn: 2
[s1_p04_v03]  Precision: 0.5333  Recall:0.8000  F1:0.6400  F2:0.7273 turk: 16 true: 10 match: 8 fp: 7 fn: 2
[s1_p04_v04]  Precision: 0.1818  Recall:0.6667  F1:0.2857  F2:0.4348 turk: 13 true: 3 match: 2 fp: 9 fn: 1
[s1_p04_v05]  Precision: 0.6923  Recall:0.6429  F1:0.6667  F2:0.6522 turk: 14 true: 14 match: 9 fp: 4 fn: 5
[s1_p05_v01]  Precision: 0.5714  Recall:0.8000  F1:0.6666  F2:0.7407 turk: 7 true: 5 match: 4 fp: 3 fn: 1
[s1_p05_v02]  Precision: 1.0000  Recall:0.5000  F1:0.6667  F2:0.5556 turk: 4 true: 8 match: 4 fp: 0 fn: 4
[s1_p05_v03]  Precision: 1.0000  Recall:0.4444  F1:0.6153  F2:0.5000 turk: 10 true: 18 match: 8 fp: 0 fn: 10
[s1_p05_v04]  Precision: 0.4444  Recall:0.6667  F1:0.5333  F2:0.6061 turk: 12 true: 6 match: 4 fp: 5 fn: 2
[s1_p05_v05]  Precision: 0.4615  Recall:0.6000  F1:0.5217  F2:0.5660 turk: 14 true: 10 match: 6 fp: 7 fn: 4
=====================================
GLOBAL Precision: 0.5184 Recall:0.6940  F1:0.5935  F2:0.6500
