None
[s1_c01_v01]  Precision: 0.7000  Recall:1.0000  F1:0.8235  F2:0.9211 turk: 15 true: 7 match: 7 fp: 3 fn: 0
[s1_c01_v02]  Precision: 0.7222  Recall:0.9286  F1:0.8125  F2:0.8784 turk: 20 true: 14 match: 13 fp: 5 fn: 1
[s1_c01_v03]  Precision: 0.7000  Recall:0.7000  F1:0.7000  F2:0.7000 turk: 15 true: 10 match: 7 fp: 3 fn: 3
34.745 38
Truth  Add sauce
Turker Spread dough by hand.  No rolling pin may be used.
71.885 68
Truth  add olive oil
Turker add basil leaves and oil
41.295 48
Truth  Add cheese
Turker Add sauce
54.565 62
Truth  Add basil leaves
Turker Add the cheese
[s1_c01_v04]  Precision: 0.5714  Recall:0.6667  F1:0.6154  F2:0.6452 turk: 7 true: 6 match: 4 fp: 3 fn: 2
[s1_c01_v05]  Precision: 0.4000  Recall:1.0000  F1:0.5714  F2:0.7692 turk: 31 true: 10 match: 10 fp: 15 fn: 0
[s1_c02_v01]  Precision: 0.4516  Recall:0.8750  F1:0.5957  F2:0.7368 turk: 33 true: 16 match: 14 fp: 17 fn: 2
[s1_c02_v02]  Precision: 0.5263  Recall:0.5263  F1:0.5263  F2:0.5263 turk: 24 true: 19 match: 10 fp: 9 fn: 9
[s1_c02_v03]  Precision: 0.5833  Recall:0.7778  F1:0.6667  F2:0.7292 turk: 18 true: 9 match: 7 fp: 5 fn: 2
[s1_c02_v04]  Precision: 0.7222  Recall:0.7647  F1:0.7428  F2:0.7558 turk: 22 true: 17 match: 13 fp: 5 fn: 4
[s1_c02_v05]  Precision: 0.8750  Recall:0.5000  F1:0.6364  F2:0.5469 turk: 12 true: 14 match: 7 fp: 1 fn: 7
[s1_c03_v01]  Precision: 0.9091  Recall:0.6250  F1:0.7407  F2:0.6667 turk: 17 true: 16 match: 10 fp: 1 fn: 6
[s1_c03_v02]  Precision: 0.5789  Recall:0.9167  F1:0.7097  F2:0.8209 turk: 20 true: 12 match: 11 fp: 8 fn: 1
[s1_c03_v03]  Precision: 0.7857  Recall:0.6875  F1:0.7333  F2:0.7051 turk: 19 true: 16 match: 11 fp: 3 fn: 5
[s1_c03_v04]  Precision: 0.7500  Recall:0.6667  F1:0.7059  F2:0.6818 turk: 14 true: 9 match: 6 fp: 2 fn: 3
[s1_c03_v05]  Precision: 0.6667  Recall:0.6667  F1:0.6667  F2:0.6667 turk: 11 true: 9 match: 6 fp: 3 fn: 3
[s1_c04_v01]  Precision: 0.9444  Recall:0.5862  F1:0.7234  F2:0.6343 turk: 22 true: 29 match: 17 fp: 1 fn: 12
[s1_c04_v02]  Precision: 1.0000  Recall:0.4091  F1:0.5807  F2:0.4639 turk: 11 true: 22 match: 9 fp: 0 fn: 13
[s1_c04_v03]  Precision: 0.7600  Recall:0.5758  F1:0.6552  F2:0.6051 turk: 31 true: 33 match: 19 fp: 6 fn: 14
no matches for this video.
[s1_c04_v05]  Precision: 0.5172  Recall:0.7500  F1:0.6122  F2:0.6881 turk: 36 true: 20 match: 15 fp: 14 fn: 5
[s1_c05_v01]  Precision: 0.8182  Recall:0.7500  F1:0.7826  F2:0.7627 turk: 14 true: 12 match: 9 fp: 2 fn: 3
[s1_c05_v02]  Precision: 0.7500  Recall:0.6667  F1:0.7059  F2:0.6818 turk: 11 true: 9 match: 6 fp: 2 fn: 3
[s1_c05_v03]  Precision: 0.8182  Recall:0.9000  F1:0.8572  F2:0.8824 turk: 12 true: 10 match: 9 fp: 2 fn: 1
[s1_c05_v04]  Precision: 0.4444  Recall:0.4706  F1:0.4571  F2:0.4651 turk: 22 true: 17 match: 8 fp: 10 fn: 9
[s1_c05_v05]  Precision: 0.7500  Recall:0.8824  F1:0.8108  F2:0.8523 turk: 22 true: 17 match: 15 fp: 5 fn: 2
no ground truth available s1_m01_v01
no ground truth available s1_m01_v02
no ground truth available s1_m01_v03
no ground truth available s1_m01_v04
no ground truth available s1_m01_v05
no ground truth available s1_m02_v01
no ground truth available s1_m02_v02
no ground truth available s1_m02_v03
no ground truth available s1_m02_v04
no ground truth available s1_m02_v05
no ground truth available s1_m03_v01
no ground truth available s1_m03_v02
no ground truth available s1_m03_v03
no ground truth available s1_m03_v04
no ground truth available s1_m03_v05
no ground truth available s1_m04_v01
no ground truth available s1_m04_v02
no ground truth available s1_m04_v03
no ground truth available s1_m04_v04
no ground truth available s1_m04_v05
no ground truth available s1_m05_v01
no ground truth available s1_m05_v02
no ground truth available s1_m05_v03
no ground truth available s1_m05_v05
no ground truth available s1_p01_v01
no ground truth available s1_p01_v02
no ground truth available s1_p01_v03
no ground truth available s1_p01_v04
no ground truth available s1_p01_v05
no ground truth available s1_p02_v01
no ground truth available s1_p02_v02
no ground truth available s1_p02_v03
no ground truth available s1_p02_v04
no ground truth available s1_p02_v05
no ground truth available s1_p03_v01
no ground truth available s1_p03_v02
no ground truth available s1_p03_v03
no ground truth available s1_p03_v04
no ground truth available s1_p03_v05
no ground truth available s1_p04_v02
no ground truth available s1_p04_v03
no ground truth available s1_p04_v04
no ground truth available s1_p04_v05
no ground truth available s1_p05_v01
no ground truth available s1_p05_v02
no ground truth available s1_p05_v03
no ground truth available s1_p05_v04
no ground truth available s1_p05_v05
=====================================
GLOBAL Precision: 0.6279 Recall:0.6884  F1:0.6568  F2:0.6754
