None
[s1_c01_v01]  Precision: 0.4667  Recall:1.0000  F1:0.6364  F2:0.8140 turk: 15 true: 7 match: 7 fp: 8 fn: 0
[s1_c01_v02]  Precision: 0.6842  Recall:0.9286  F1:0.7879  F2:0.8667 turk: 20 true: 14 match: 13 fp: 6 fn: 1
[s1_c01_v03]  Precision: 0.7143  Recall:1.0000  F1:0.8333  F2:0.9259 turk: 15 true: 10 match: 10 fp: 4 fn: 0
34.745 38
Truth  Add sauce
Turker Spread dough by hand.  No rolling pin may be used.
71.885 68
Truth  add olive oil
Turker add basil leaves and oil
41.295 48
Truth  Add cheese
Turker Add sauce
54.565 62
Truth  Add basil leaves
Turker Add the cheese
[s1_c01_v04]  Precision: 0.5714  Recall:0.6667  F1:0.6154  F2:0.6452 turk: 7 true: 6 match: 4 fp: 3 fn: 2
[s1_c01_v05]  Precision: 0.3226  Recall:1.0000  F1:0.4878  F2:0.7042 turk: 31 true: 10 match: 10 fp: 21 fn: 0
[s1_c02_v01]  Precision: 0.4242  Recall:0.8750  F1:0.5714  F2:0.7216 turk: 33 true: 16 match: 14 fp: 19 fn: 2
[s1_c02_v02]  Precision: 0.4583  Recall:0.5789  F1:0.5116  F2:0.5500 turk: 24 true: 19 match: 11 fp: 13 fn: 8
[s1_c02_v03]  Precision: 0.4706  Recall:0.8889  F1:0.6154  F2:0.7547 turk: 18 true: 9 match: 8 fp: 9 fn: 1
[s1_c02_v04]  Precision: 0.6818  Recall:0.8824  F1:0.7692  F2:0.8334 turk: 22 true: 17 match: 15 fp: 7 fn: 2
[s1_c02_v05]  Precision: 0.9000  Recall:0.6429  F1:0.7500  F2:0.6819 turk: 12 true: 14 match: 9 fp: 1 fn: 5
[s1_c03_v01]  Precision: 0.8824  Recall:0.9375  F1:0.9091  F2:0.9259 turk: 17 true: 16 match: 15 fp: 2 fn: 1
[s1_c03_v02]  Precision: 0.5789  Recall:0.9167  F1:0.7097  F2:0.8209 turk: 20 true: 12 match: 11 fp: 8 fn: 1
[s1_c03_v03]  Precision: 0.8421  Recall:1.0000  F1:0.9143  F2:0.9639 turk: 19 true: 16 match: 16 fp: 3 fn: 0
[s1_c03_v04]  Precision: 0.7500  Recall:1.0000  F1:0.8571  F2:0.9375 turk: 14 true: 9 match: 9 fp: 3 fn: 0
[s1_c03_v05]  Precision: 0.6364  Recall:0.7778  F1:0.7000  F2:0.7447 turk: 11 true: 9 match: 7 fp: 4 fn: 2
[s1_c04_v01]  Precision: 0.9048  Recall:0.6552  F1:0.7600  F2:0.6935 turk: 22 true: 29 match: 19 fp: 2 fn: 10
[s1_c04_v02]  Precision: 1.0000  Recall:0.5000  F1:0.6667  F2:0.5556 turk: 11 true: 22 match: 11 fp: 0 fn: 11
[s1_c04_v03]  Precision: 0.7333  Recall:0.6667  F1:0.6984  F2:0.6790 turk: 31 true: 33 match: 22 fp: 8 fn: 11
no matches for this video.
[s1_c04_v05]  Precision: 0.4571  Recall:0.8000  F1:0.5818  F2:0.6956 turk: 36 true: 20 match: 16 fp: 19 fn: 4
[s1_c05_v01]  Precision: 0.7143  Recall:0.8333  F1:0.7692  F2:0.8064 turk: 14 true: 12 match: 10 fp: 4 fn: 2
[s1_c05_v02]  Precision: 0.6364  Recall:0.7778  F1:0.7000  F2:0.7447 turk: 11 true: 9 match: 7 fp: 4 fn: 2
[s1_c05_v03]  Precision: 0.7500  Recall:0.9000  F1:0.8182  F2:0.8654 turk: 12 true: 10 match: 9 fp: 3 fn: 1
[s1_c05_v04]  Precision: 0.3636  Recall:0.4706  F1:0.4102  F2:0.4444 turk: 22 true: 17 match: 8 fp: 14 fn: 9
[s1_c05_v05]  Precision: 0.7727  Recall:1.0000  F1:0.8718  F2:0.9444 turk: 22 true: 17 match: 17 fp: 5 fn: 0
no ground truth available s1_m01_v01
no ground truth available s1_m01_v02
no ground truth available s1_m01_v03
no ground truth available s1_m01_v04
no ground truth available s1_m01_v05
no ground truth available s1_m02_v01
no ground truth available s1_m02_v02
no ground truth available s1_m02_v03
no ground truth available s1_m02_v04
no ground truth available s1_m02_v05
no ground truth available s1_m03_v01
no ground truth available s1_m03_v02
no ground truth available s1_m03_v03
no ground truth available s1_m03_v04
no ground truth available s1_m03_v05
no ground truth available s1_m04_v01
no ground truth available s1_m04_v02
no ground truth available s1_m04_v03
no ground truth available s1_m04_v04
no ground truth available s1_m04_v05
no ground truth available s1_m05_v01
no ground truth available s1_m05_v02
no ground truth available s1_m05_v03
no ground truth available s1_m05_v05
no ground truth available s1_p01_v01
no ground truth available s1_p01_v02
no ground truth available s1_p01_v03
no ground truth available s1_p01_v04
no ground truth available s1_p01_v05
no ground truth available s1_p02_v01
no ground truth available s1_p02_v02
no ground truth available s1_p02_v03
no ground truth available s1_p02_v04
no ground truth available s1_p02_v05
no ground truth available s1_p03_v01
no ground truth available s1_p03_v02
no ground truth available s1_p03_v03
no ground truth available s1_p03_v04
no ground truth available s1_p03_v05
no ground truth available s1_p04_v02
no ground truth available s1_p04_v03
no ground truth available s1_p04_v04
no ground truth available s1_p04_v05
no ground truth available s1_p05_v01
no ground truth available s1_p05_v02
no ground truth available s1_p05_v03
no ground truth available s1_p05_v04
no ground truth available s1_p05_v05
=====================================
GLOBAL Precision: 0.5928 Recall:0.7875  F1:0.6764  F2:0.7390
