[ s2_c01_v01_e02 ]
[final] 54 74
[ s2_c01_v01_e05 ]
[final] 179 189
[ s2_c01_v01_e06 ]
[final] 178 194
[ s2_c01_v01_e09 ]
[final] 231 245
[ s2_c01_v01_e10 ]
[final] 37 41
[ s2_c01_v01_e11 ]
[final] 77 noop
[ s2_c01_v01_e12 ]
[final] 250 256
[ s2_c01_v01_e13 ]
[final] 211 231
[ s2_c01_v01_e14 ]
[final] 43 63
[ s2_c01_v01_e15 ]
[final] 94 104
[ s2_c01_v01_e17 ]
[final] 195 211
[ s2_c01_v01_e18 ]
[final] 50 66
[ s2_c01_v02_e01 ]
[final] 23 43
[ s2_c01_v02_e02 ]
[final] 41 49
[ s2_c01_v02_e03 ]
[final] 50 50
[ s2_c01_v02_e04 ]
[final] 41 59
[ s2_c01_v02_e05 ]
[final] 49 65
[ s2_c01_v02_e06 ]
[final] 71 81
[ s2_c01_v02_e07 ]
[final] 74 82
[ s2_c01_v02_e08 ]
[final] 85 87
[ s2_c01_v02_e09 ]
[final] 82 90
[ s2_c01_v02_e10 ]
[final] 98 98
[ s2_c01_v02_e11 ]
[final] 102 116
[ s2_c01_v02_e12 ]
[final] 110 118
[ s2_c01_v02_e13 ]
[final] 121 123
[ s2_c01_v02_e14 ]
[final] 123 135
[ s2_c01_v02_e15 ]
[final] 139 151
[ s2_c01_v02_e16 ]
[final] 154 166
[ s2_c01_v02_e17 ]
[final] 165 183
[ s2_c01_v02_e18 ]
[final] noop 184
[ s2_c01_v02_e19 ]
[final] 45 49
[ s2_c01_v03_e01 ]
[final] 39 51
[ s2_c01_v03_e02 ]
[final] 49 55
[ s2_c01_v03_e03 ]
[final] 127 137
[ s2_c01_v03_e05 ]
[final] 137 139
[ s2_c01_v03_e07 ]
[final] 148 162
[ s2_c01_v03_e08 ]
[final] 207 219
[ s2_c01_v03_e11 ]
[final] 80 90
[ s2_c01_v03_e12 ]
[final] 100 112
[ s2_c01_v03_e14 ]
[final] 221 233
[ s2_c01_v03_e15 ]
[final] 82 88
[ s2_c01_v04_e01 ]
[final] noop noop
[ s2_c01_v04_e04 ]
[final] 36 56
[ s2_c01_v04_e05 ]
[final] 44 64
[ s2_c01_v04_e07 ]
[final] 65 79
[ s2_c01_v04_e08 ]
[final] 93 99
[ s2_c01_v04_e09 ]
[final] 97 107
[ s2_c01_v04_e12 ]
[final] 133 145
[ s2_c01_v04_e13 ]
[final] 151 153
[ s2_c01_v04_e14 ]
[final] 40 50
[ s2_c01_v04_e15 ]
[final] 107 117
[ s2_c01_v04_e17 ]
[final] 24 44
[ s2_c01_v05_e01 ]
[final] noop noop
[ s2_c01_v05_e03 ]
[final] 34 42
[ s2_c01_v05_e08 ]
[final] 36 48
[ s2_c01_v05_e11 ]
[final] 45 61
[ s2_c01_v05_e12 ]
[final] 62 70
[ s2_c01_v05_e14 ]
[final] 137 141
[ s2_c01_v05_e18 ]
[final] 156 162
[ s2_c01_v05_e20 ]
[final] 162 178
[ s2_c01_v05_e21 ]
[final] 167 187
[ s2_c01_v05_e22 ]
[final] 174 194
[ s2_c01_v05_e23 ]
[final] 182 192
[ s2_c01_v05_e24 ]
[final] 191 201
[ s2_c01_v05_e26 ]
[final] 215 235
[ s2_c01_v05_e28 ]
[final] 69 69
[ s2_c01_v05_e30 ]
[final] 66 86
[ s2_c01_v05_e31 ]
[final] 84 88
[ s2_c01_v05_e32 ]
[final] 86 98
[ s2_c01_v05_e33 ]
[final] 90 108
[ s2_c01_v05_e35 ]
[final] 107 113
[ s2_c01_v05_e37 ]
[final] 119 135
[ s2_c01_v05_e39 ]
[final] 114 noop
[ s2_c01_v05_e40 ]
[final] 65 67
[ s2_c01_v05_e41 ]
[final] 125 135
[ s2_c01_v05_e42 ]
[final] 163 179
[ s2_c01_v05_e43 ]
[final] 80 86
[ s2_c01_v05_e44 ]
[final] 99 109
[ s2_c01_v05_e45 ]
[final] 148 150
[ s2_c01_v05_e46 ]
[final] 141 159
[ s2_c01_v05_e47 ]
[final] 112 118
[ s2_c01_v05_e48 ]
[final] 139 147
[ s2_c01_v05_e49 ]
[final] 98 112
[ s2_c01_v05_e50 ]
[final] 180 192
[ s2_c01_v05_e51 ]
[final] 163 173
[ s2_c01_v05_e54 ]
[final] 135 145
[ s2_c01_v05_e57 ]
[final] 56 58
[ s2_c01_v05_e58 ]
[final] 51 63
[ s2_c01_v05_e59 ]
[final] 112 114
[ s2_c01_v05_e60 ]
[final] 200 214
[ s2_c01_v05_e61 ]
[final] 106 118
[ s2_c01_v05_e62 ]
[final] 127 133
[ s2_c01_v05_e63 ]
[final] 145 157
[ s2_c02_v01_e01 ]
[final] 30 32
[ s2_c02_v01_e03 ]
[final] 223 229
[ s2_c02_v01_e04 ]
[final] 228 238
[ s2_c02_v01_e05 ]
[final] noop 248
[ s2_c02_v01_e06 ]
[final] 242 258
[ s2_c02_v01_e11 ]
[final] 74 84
[ s2_c02_v01_e12 ]
[final] 76 88
[ s2_c02_v01_e13 ]
[final] 83 85
[ s2_c02_v01_e14 ]
[final] 94 96
[ s2_c02_v01_e15 ]
[final] 89 101
[ s2_c02_v01_e16 ]
[final] 95 113
[ s2_c02_v01_e18 ]
[final] 121 123
[ s2_c02_v01_e19 ]
[final] 119 127
[ s2_c02_v01_e20 ]
[final] 135 139
[ s2_c02_v01_e24 ]
[final] 178 186
[ s2_c02_v01_e26 ]
[final] 192 204
[ s2_c02_v01_e27 ]
[final] 210 222
[ s2_c02_v01_e28 ]
[final] 100 116
[ s2_c02_v01_e29 ]
[final] 209 221
[ s2_c02_v01_e30 ]
[final] 111 115
[ s2_c02_v01_e31 ]
[final] 214 224
[ s2_c02_v01_e33 ]
[final] 102 116
[ s2_c02_v01_e34 ]
[final] 61 75
[ s2_c02_v01_e35 ]
[final] 172 176
[ s2_c02_v01_e36 ]
[final] 42 48
[ s2_c02_v01_e37 ]
[final] 227 237
[ s2_c02_v01_e38 ]
[final] 162 166
[ s2_c02_v01_e39 ]
[final] 183 199
[ s2_c02_v01_e40 ]
[final] 60 78
[ s2_c02_v01_e41 ]
[final] 39 49
[ s2_c02_v02_e01 ]
[final] 91 95
[ s2_c02_v02_e02 ]
[final] 262 264
[ s2_c02_v02_e03 ]
[final] 269 275
[ s2_c02_v02_e04 ]
[final] 286 noop
[ s2_c02_v02_e05 ]
[final] 295 309
[ s2_c02_v02_e08 ]
[final] 331 351
[ s2_c02_v02_e09 ]
[final] noop 351
[ s2_c02_v02_e11 ]
[final] 157 163
[ s2_c02_v02_e12 ]
[final] 160 174
[ s2_c02_v02_e14 ]
[final] 197 209
[ s2_c02_v02_e15 ]
[final] 206 210
[ s2_c02_v02_e16 ]
[final] 206 216
[ s2_c02_v02_e17 ]
[final] 238 250
[ s2_c02_v02_e19 ]
[final] 117 119
[ s2_c02_v02_e20 ]
[final] 294 308
[ s2_c02_v02_e21 ]
[final] 323 noop
[ s2_c02_v02_e22 ]
[final] 181 195
[ s2_c02_v02_e23 ]
[final] 77 85
[ s2_c02_v02_e24 ]
[final] 190 200
[ s2_c02_v02_e25 ]
[final] 211 219
[ s2_c02_v02_e27 ]
[final] 178 186
[ s2_c02_v02_e28 ]
[final] 168 176
[ s2_c02_v02_e29 ]
[final] 128 136
[ s2_c02_v02_e30 ]
[final] 214 232
[ s2_c02_v03_e01 ]
[final] 14 18
[ s2_c02_v03_e04 ]
[final] 50 noop
[ s2_c02_v03_e06 ]
[final] 80 80
[ s2_c02_v03_e08 ]
[final] 94 112
[ s2_c02_v03_e09 ]
[final] 108 124
[ s2_c02_v03_e10 ]
[final] 123 141
[ s2_c02_v03_e11 ]
[final] 149 163
[ s2_c02_v03_e13 ]
[final] 161 173
[ s2_c02_v03_e16 ]
[final] 223 233
[ s2_c02_v03_e26 ]
[final] 323 341
[ s2_c02_v03_e27 ]
[final] 340 354
[ s2_c02_v03_e29 ]
[final] 85 97
[ s2_c02_v03_e30 ]
[final] 328 330
[ s2_c02_v03_e31 ]
[final] 277 293
[ s2_c02_v03_e33 ]
[final] 51 59
[ s2_c02_v03_e34 ]
[final] 162 172
[ s2_c02_v03_e35 ]
[final] 119 125
[ s2_c02_v03_e36 ]
[final] 241 245
[ s2_c02_v03_e37 ]
[final] 230 244
[ s2_c02_v04_e01 ]
[final] 18 26
[ s2_c02_v04_e02 ]
[final] 54 64
[ s2_c02_v04_e04 ]
[final] 71 77
[ s2_c02_v04_e08 ]
[final] 150 160
[ s2_c02_v04_e09 ]
[final] 158 168
[ s2_c02_v04_e10 ]
[final] 167 175
[ s2_c02_v04_e11 ]
[final] 174 180
[ s2_c02_v04_e12 ]
[final] 186 200
[ s2_c02_v04_e14 ]
[final] 189 201
[ s2_c02_v04_e15 ]
[final] 238 244
[ s2_c02_v04_e18 ]
[final] 243 259
[ s2_c02_v04_e19 ]
[final] 107 111
[ s2_c02_v04_e20 ]
[final] 133 noop
[ s2_c02_v04_e21 ]
[final] 137 153
[ s2_c02_v04_e22 ]
[final] 68 78
[ s2_c02_v04_e23 ]
[final] 92 102
[ s2_c02_v05_e02 ]
[final] 11 23
[ s2_c02_v05_e03 ]
[final] 23 33
[ s2_c02_v05_e07 ]
[final] 57 69
[ s2_c02_v05_e09 ]
[final] noop 99
[ s2_c02_v05_e10 ]
[final] 103 117
[ s2_c02_v05_e14 ]
[final] 171 183
[ s2_c02_v05_e15 ]
[final] 187 189
[ s2_c02_v05_e16 ]
[final] 44 52
[ s2_c02_v05_e17 ]
[final] 43 53
[ s2_c02_v05_e18 ]
[final] 168 170
[ s2_c02_v05_e20 ]
[final] 112 128
[ s2_c02_v05_e22 ]
[final] 23 33
[ s2_c02_v05_e23 ]
[final] 112 124
[ s2_c02_v05_e24 ]
[final] 143 149
[ s2_c03_v01_e01 ]
[final] 14 24
[ s2_c03_v01_e02 ]
[final] 23 33
[ s2_c03_v01_e03 ]
[final] 41 51
[ s2_c03_v01_e04 ]
[final] 44 64
[ s2_c03_v01_e05 ]
[final] 50 64
[ s2_c03_v01_e07 ]
[final] 75 85
[ s2_c03_v01_e09 ]
[final] 88 106
[ s2_c03_v01_e10 ]
[final] 128 144
[ s2_c03_v01_e13 ]
[final] 143 153
[ s2_c03_v01_e14 ]
[final] noop noop
[ s2_c03_v01_e15 ]
[final] 83 97
[ s2_c03_v01_e16 ]
[final] 32 40
[ s2_c03_v01_e17 ]
[final] 53 65
[ s2_c03_v01_e18 ]
[final] 90 102
[ s2_c03_v01_e20 ]
[final] 60 70
[ s2_c03_v01_e21 ]
[final] 99 105
[ s2_c03_v01_e22 ]
[final] 73 91
[ s2_c03_v02_e02 ]
[final] 28 32
[ s2_c03_v02_e03 ]
[final] 33 47
[ s2_c03_v02_e04 ]
[final] 57 59
[ s2_c03_v02_e05 ]
[final] 66 86
[ s2_c03_v02_e07 ]
[final] 82 90
[ s2_c03_v02_e09 ]
[final] 107 115
[ s2_c03_v02_e10 ]
[final] 110 118
[ s2_c03_v02_e12 ]
[final] 131 141
[ s2_c03_v02_e13 ]
[final] 139 151
[ s2_c03_v02_e15 ]
[final] 155 171
[ s2_c03_v02_e19 ]
[final] 212 222
[ s2_c03_v02_e20 ]
[final] 223 233
[ s2_c03_v02_e21 ]
[final] 245 noop
[ s2_c03_v02_e22 ]
[final] 258 268
[ s2_c03_v02_e27 ]
[final] 160 168
[ s2_c03_v02_e28 ]
[final] 263 281
[ s2_c03_v02_e29 ]
[final] 164 180
[ s2_c03_v02_e30 ]
[final] 122 132
[ s2_c03_v02_e31 ]
[final] 169 189
[ s2_c03_v03_e04 ]
[final] 56 72
[ s2_c03_v03_e05 ]
[final] 85 noop
[ s2_c03_v03_e07 ]
[final] 127 145
[ s2_c03_v03_e08 ]
[final] 170 186
[ s2_c03_v03_e09 ]
[final] 171 187
[ s2_c03_v03_e10 ]
[final] 180 188
[ s2_c03_v03_e11 ]
[final] 190 192
[ s2_c03_v03_e12 ]
[final] 238 256
[ s2_c03_v03_e13 ]
[final] 172 180
[ s2_c03_v03_e14 ]
[final] 52 62
[ s2_c03_v03_e15 ]
[final] 45 63
[ s2_c03_v03_e16 ]
[final] 87 91
[ s2_c03_v03_e17 ]
[final] 52 60
[ s2_c03_v03_e18 ]
[final] 171 181
[ s2_c03_v03_e19 ]
[final] 169 173
[ s2_c03_v03_e20 ]
[final] 73 83
[ s2_c03_v04_e06 ]
[final] 22 40
[ s2_c03_v04_e07 ]
[final] 35 51
[ s2_c03_v04_e08 ]
[final] 50 68
[ s2_c03_v04_e11 ]
[final] 84 102
[ s2_c03_v04_e12 ]
[final] 89 103
[ s2_c03_v04_e13 ]
[final] 109 119
[ s2_c03_v04_e14 ]
[final] 118 138
[ s2_c03_v04_e15 ]
[final] 136 140
[ s2_c03_v04_e16 ]
[final] 141 157
[ s2_c03_v04_e17 ]
[final] 151 167
[ s2_c03_v04_e18 ]
[final] noop 174
[ s2_c03_v04_e20 ]
[final] noop noop
[ s2_c03_v04_e21 ]
[final] 100 118
[ s2_c03_v04_e22 ]
[final] 74 78
[ s2_c03_v04_e23 ]
[final] 89 95
[ s2_c03_v04_e24 ]
[final] 79 87
[ s2_c03_v05_e01 ]
[final] noop noop
[ s2_c03_v05_e02 ]
[final] 5 21
[ s2_c03_v05_e04 ]
[final] 29 49
[ s2_c03_v05_e05 ]
[final] 37 47
[ s2_c03_v05_e06 ]
[final] 50 64
[ s2_c03_v05_e07 ]
[final] 63 65
[ s2_c03_v05_e09 ]
[final] 94 106
[ s2_c03_v05_e12 ]
[final] 70 78
[ s2_c03_v05_e13 ]
[final] 19 35
[ s2_c04_v01_e01 ]
[final] 28 38
[ s2_c04_v01_e05 ]
[final] 45 55
[ s2_c04_v01_e06 ]
[final] 44 56
[ s2_c04_v01_e07 ]
[final] 54 56
[ s2_c04_v01_e09 ]
[final] 62 68
[ s2_c04_v01_e11 ]
[final] 83 95
[ s2_c04_v01_e14 ]
[final] 108 108
[ s2_c04_v01_e15 ]
[final] 122 124
[ s2_c04_v01_e16 ]
[final] 125 129
[ s2_c04_v01_e18 ]
[final] 185 187
[ s2_c04_v01_e20 ]
[final] 206 222
[ s2_c04_v01_e21 ]
[final] 224 232
[ s2_c04_v01_e26 ]
[final] 134 154
[ s2_c04_v01_e30 ]
[final] 156 176
[ s2_c04_v01_e32 ]
[final] 178 184
[ s2_c04_v01_e33 ]
[final] 72 76
[ s2_c04_v01_e34 ]
[final] 54 60
[ s2_c04_v01_e35 ]
[final] 77 83
[ s2_c04_v01_e36 ]
[final] 79 81
[ s2_c04_v01_e37 ]
[final] 76 78
[ s2_c04_v01_e38 ]
[final] 110 114
[ s2_c04_v01_e39 ]
[final] 38 40
[ s2_c04_v01_e40 ]
[final] 83 95
[ s2_c04_v02_e01 ]
[final] noop noop
[ s2_c04_v02_e02 ]
[final] 34 42
[ s2_c04_v02_e03 ]
[final] 40 50
[ s2_c04_v02_e04 ]
[final] 39 59
[ s2_c04_v02_e05 ]
[final] 50 54
[ s2_c04_v02_e06 ]
[final] 47 65
[ s2_c04_v02_e07 ]
[final] 64 68
[ s2_c04_v02_e08 ]
[final] 62 74
[ s2_c04_v02_e09 ]
[final] 67 81
[ s2_c04_v02_e13 ]
[final] 98 100
[ s2_c04_v02_e14 ]
[final] 103 111
[ s2_c04_v02_e15 ]
[final] 115 129
[ s2_c04_v02_e16 ]
[final] 123 127
[ s2_c04_v02_e17 ]
[final] 127 135
[ s2_c04_v02_e18 ]
[final] 119 131
[ s2_c04_v02_e19 ]
[final] 38 46
[ s2_c04_v02_e20 ]
[final] 51 59
[ s2_c04_v02_e21 ]
[final] 58 68
[ s2_c04_v02_e22 ]
[final] 126 130
[ s2_c04_v03_e01 ]
[final] 25 33
[ s2_c04_v03_e02 ]
[final] 26 44
[ s2_c04_v03_e03 ]
[final] 37 41
[ s2_c04_v03_e05 ]
[final] 52 62
[ s2_c04_v03_e06 ]
[final] 56 66
[ s2_c04_v03_e07 ]
[final] 68 68
[ s2_c04_v03_e12 ]
[final] 93 103
[ s2_c04_v03_e14 ]
[final] 107 117
[ s2_c04_v03_e16 ]
[final] 114 120
[ s2_c04_v03_e18 ]
[final] 157 165
[ s2_c04_v03_e19 ]
[final] 159 169
[ s2_c04_v03_e20 ]
[final] 171 173
[ s2_c04_v03_e21 ]
[final] 171 189
[ s2_c04_v03_e22 ]
[final] 180 200
[ s2_c04_v03_e23 ]
[final] 189 199
[ s2_c04_v03_e24 ]
[final] 203 213
[ s2_c04_v03_e25 ]
[final] 202 218
[ s2_c04_v03_e26 ]
[final] 213 221
[ s2_c04_v03_e27 ]
[final] 218 226
[ s2_c04_v03_e28 ]
[final] 218 228
[ s2_c04_v03_e31 ]
[final] 283 287
[ s2_c04_v03_e32 ]
[final] 120 134
[ s2_c04_v03_e33 ]
[final] 145 153
[ s2_c04_v03_e34 ]
[final] 139 147
[ s2_c04_v03_e35 ]
[final] 209 229
[ s2_c04_v03_e36 ]
[final] 256 260
[ s2_c04_v03_e37 ]
[final] 293 noop
[ s2_c04_v03_e38 ]
[final] 64 66
[ s2_c04_v03_e39 ]
[final] 244 246
[ s2_c04_v03_e40 ]
[final] 273 283
[ s2_c04_v03_e41 ]
[final] 229 233
[ s2_c04_v03_e43 ]
[final] 275 283
[ s2_c04_v03_e44 ]
[final] 115 123
[ s2_c04_v04_e01 ]
[final] noop noop
[ s2_c04_v04_e03 ]
[final] 8 22
[ s2_c04_v04_e08 ]
[final] 22 32
[ s2_c04_v04_e13 ]
[final] 71 83
[ s2_c04_v04_e14 ]
[final] 88 90
[ s2_c04_v04_e17 ]
[final] 208 224
[ s2_c04_v04_e18 ]
[final] 221 239
[ s2_c04_v04_e19 ]
[final] 228 248
[ s2_c04_v04_e21 ]
[final] 250 260
[ s2_c04_v04_e22 ]
[final] 268 272
[ s2_c04_v04_e23 ]
[final] 289 303
[ s2_c04_v04_e25 ]
[final] 299 307
[ s2_c04_v04_e26 ]
[final] 308 320
[ s2_c04_v04_e27 ]
[final] 330 334
[ s2_c04_v04_e28 ]
[final] 340 360
[ s2_c04_v04_e29 ]
[final] 360 372
[ s2_c04_v04_e31 ]
[final] 184 196
[ s2_c04_v04_e33 ]
[final] 184 194
[ s2_c04_v04_e34 ]
[final] 352 362
[ s2_c04_v04_e35 ]
[final] 235 251
[ s2_c04_v04_e36 ]
[final] noop 199
[ s2_c04_v05_e03 ]
[final] 11 29
[ s2_c04_v05_e04 ]
[final] 17 25
[ s2_c04_v05_e05 ]
[final] 23 27
[ s2_c04_v05_e06 ]
[final] 17 27
[ s2_c04_v05_e07 ]
[final] 30 36
[ s2_c04_v05_e08 ]
[final] 28 38
[ s2_c04_v05_e09 ]
[final] 36 38
[ s2_c04_v05_e10 ]
[final] noop noop
[ s2_c04_v05_e11 ]
[final] 40 42
[ s2_c04_v05_e12 ]
[final] 34 44
[ s2_c04_v05_e13 ]
[final] noop 46
[ s2_c04_v05_e14 ]
[final] noop 51
[ s2_c04_v05_e18 ]
[final] 57 59
[ s2_c04_v05_e20 ]
[final] 54 72
[ s2_c04_v05_e22 ]
[final] 68 72
[ s2_c04_v05_e23 ]
[final] 70 78
[ s2_c04_v05_e24 ]
[final] 78 84
[ s2_c04_v05_e25 ]
[final] 84 90
[ s2_c04_v05_e28 ]
[final] 109 119
[ s2_c04_v05_e29 ]
[final] 112 116
[ s2_c04_v05_e30 ]
[final] 109 121
[ s2_c04_v05_e31 ]
[final] 113 123
[ s2_c04_v05_e32 ]
[final] 129 141
[ s2_c04_v05_e33 ]
[final] 139 149
[ s2_c04_v05_e34 ]
[final] 152 162
[ s2_c04_v05_e37 ]
[final] 161 181
[ s2_c04_v05_e38 ]
[final] 170 180
[ s2_c04_v05_e39 ]
[final] noop noop
[ s2_c04_v05_e40 ]
[final] 166 168
[ s2_c04_v05_e41 ]
[final] 103 119
[ s2_c04_v05_e42 ]
[final] 22 noop
[ s2_c04_v05_e43 ]
[final] 84 96
[ s2_c04_v05_e44 ]
[final] 52 54
[ s2_c04_v05_e47 ]
[final] 84 102
[ s2_c05_v01_e02 ]
[final] 48 50
[ s2_c05_v01_e03 ]
[final] 53 59
[ s2_c05_v01_e04 ]
[final] 105 109
[ s2_c05_v01_e07 ]
[final] 101 109
[ s2_c05_v01_e08 ]
[final] 60 70
[ s2_c05_v01_e09 ]
[final] 58 70
[ s2_c05_v01_e10 ]
[final] 63 71
[ s2_c05_v01_e11 ]
[final] 84 94
[ s2_c05_v01_e12 ]
[final] 90 92
[ s2_c05_v01_e14 ]
[final] 91 107
[ s2_c05_v01_e18 ]
[final] 124 136
[ s2_c05_v01_e19 ]
[final] 135 139
[ s2_c05_v01_e20 ]
[final] 131 141
[ s2_c05_v01_e21 ]
[final] 116 126
[ s2_c05_v02_e02 ]
[final] 21 31
[ s2_c05_v02_e03 ]
[final] noop 37
[ s2_c05_v02_e05 ]
[final] 49 65
[ s2_c05_v02_e06 ]
[final] 122 132
[ s2_c05_v02_e07 ]
[final] 129 147
[ s2_c05_v02_e08 ]
[final] 139 153
[ s2_c05_v02_e09 ]
[final] noop noop
[ s2_c05_v02_e10 ]
[final] 79 89
[ s2_c05_v02_e12 ]
[final] 109 117
[ s2_c05_v02_e13 ]
[final] 74 86
[ s2_c05_v02_e14 ]
[final] 120 134
[ s2_c05_v02_e15 ]
[final] 95 noop
[ s2_c05_v03_e12 ]
[final] 51 61
[ s2_c05_v03_e13 ]
[final] 86 90
[ s2_c05_v03_e14 ]
[final] 103 107
[ s2_c05_v03_e15 ]
[final] 115 133
[ s2_c05_v03_e16 ]
[final] 137 147
[ s2_c05_v03_e17 ]
[final] 148 162
[ s2_c05_v03_e18 ]
[final] 181 193
[ s2_c05_v03_e19 ]
[final] noop noop
[ s2_c05_v03_e20 ]
[final] 44 56
[ s2_c05_v03_e21 ]
[final] 169 181
[ s2_c05_v03_e22 ]
[final] 113 119
[ s2_c05_v03_e24 ]
[final] 129 133
[ s2_c05_v04_e06 ]
[final] 88 100
[ s2_c05_v04_e07 ]
[final] 97 113
[ s2_c05_v04_e08 ]
[final] 63 69
[ s2_c05_v04_e12 ]
[final] 68 78
[ s2_c05_v04_e15 ]
[final] 103 115
[ s2_c05_v04_e16 ]
[final] 122 132
[ s2_c05_v04_e21 ]
[final] 171 181
[ s2_c05_v04_e22 ]
[final] 181 199
[ s2_c05_v04_e24 ]
[final] 214 224
[ s2_c05_v04_e25 ]
[final] 225 233
[ s2_c05_v04_e26 ]
[final] 274 284
[ s2_c05_v04_e27 ]
[final] 295 305
[ s2_c05_v04_e28 ]
[final] 292 308
[ s2_c05_v04_e29 ]
[final] 304 314
[ s2_c05_v04_e31 ]
[final] 312 314
[ s2_c05_v04_e32 ]
[final] 317 335
[ s2_c05_v04_e37 ]
[final] 217 221
[ s2_c05_v04_e38 ]
[final] 117 127
[ s2_c05_v04_e39 ]
[final] 338 348
[ s2_c05_v04_e40 ]
[final] 149 161
[ s2_c05_v04_e41 ]
[final] 340 352
[ s2_c05_v04_e42 ]
[final] 163 167
[ s2_c05_v04_e44 ]
[final] 210 224
[ s2_c05_v04_e45 ]
[final] 112 114
[ s2_c05_v04_e47 ]
[final] 146 156
[ s2_c05_v05_e01 ]
[final] 19 29
[ s2_c05_v05_e02 ]
[final] 31 45
[ s2_c05_v05_e03 ]
[final] noop 60
[ s2_c05_v05_e04 ]
[final] 75 89
[ s2_c05_v05_e05 ]
[final] 99 103
[ s2_c05_v05_e07 ]
[final] 120 136
[ s2_c05_v05_e08 ]
[final] 128 148
[ s2_c05_v05_e09 ]
[final] 141 153
[ s2_c05_v05_e10 ]
[final] 151 167
[ s2_c05_v05_e12 ]
[final] 181 195
[ s2_c05_v05_e13 ]
[final] 195 211
[ s2_c05_v05_e14 ]
[final] 272 282
[ s2_c05_v05_e15 ]
[final] 290 306
[ s2_c05_v05_e16 ]
[final] 110 124
[ s2_c05_v05_e17 ]
[final] 174 176
[ s2_c05_v05_e19 ]
[final] 245 259
[ s2_c05_v05_e20 ]
[final] 54 66
[ s2_c05_v05_e21 ]
[final] 99 111
[ s2_c05_v05_e22 ]
[final] 272 284
[ s2_c05_v05_e23 ]
[final] 164 168
[ s2_c05_v05_e24 ]
[final] 141 159
[ s2_m01_v01_e02 ]
[final] 96 106
[ s2_m01_v01_e05 ]
[final] 112 116
[ s2_m01_v01_e06 ]
[final] 123 129
[ s2_m01_v01_e07 ]
[final] 145 163
[ s2_m01_v01_e08 ]
[final] 199 209
[ s2_m01_v01_e09 ]
[final] 214 216
[ s2_m01_v01_e10 ]
[final] 222 232
[ s2_m01_v01_e11 ]
[final] 243 255
[ s2_m01_v01_e13 ]
[final] 261 281
[ s2_m01_v01_e15 ]
[final] 303 313
[ s2_m01_v01_e16 ]
[final] 328 338
[ s2_m01_v01_e17 ]
[final] 344 356
[ s2_m01_v01_e19 ]
[final] 284 286
[ s2_m01_v01_e20 ]
[final] 156 176
[ s2_m01_v01_e21 ]
[final] 138 140
[ s2_m01_v01_e24 ]
[final] 450 464
[ s2_m01_v01_e25 ]
[final] 226 238
[ s2_m01_v01_e26 ]
[final] 373 383
[ s2_m01_v02_e01 ]
[final] 134 142
[ s2_m01_v02_e04 ]
[final] 167 171
[ s2_m01_v02_e05 ]
[final] 175 185
[ s2_m01_v02_e06 ]
[final] 211 213
[ s2_m01_v02_e11 ]
[final] 235 243
[ s2_m01_v02_e14 ]
[final] 245 255
[ s2_m01_v02_e23 ]
[final] 164 170
[ s2_m01_v02_e24 ]
[final] 191 195
[ s2_m01_v02_e25 ]
[final] 254 272
[ s2_m01_v02_e26 ]
[final] 236 256
[ s2_m01_v02_e27 ]
[final] 144 160
[ s2_m01_v02_e28 ]
[final] 106 118
[ s2_m01_v02_e29 ]
[final] 112 116
[ s2_m01_v02_e30 ]
[final] 168 188
[ s2_m01_v02_e31 ]
[final] 167 169
[ s2_m01_v02_e32 ]
[final] 273 283
[ s2_m01_v02_e33 ]
[final] 108 118
[ s2_m01_v03_e02 ]
[final] 56 66
[ s2_m01_v03_e04 ]
[final] 86 96
[ s2_m01_v03_e07 ]
[final] 145 147
[ s2_m01_v03_e10 ]
[final] 166 186
[ s2_m01_v03_e11 ]
[final] 176 196
[ s2_m01_v03_e12 ]
[final] 185 199
[ s2_m01_v03_e13 ]
[final] 208 226
[ s2_m01_v03_e15 ]
[final] 234 246
[ s2_m01_v03_e21 ]
[final] 160 180
[ s2_m01_v03_e22 ]
[final] 16 36
[ s2_m01_v03_e23 ]
[final] 205 219
[ s2_m01_v03_e24 ]
[final] 164 176
[ s2_m01_v03_e25 ]
[final] 255 261
[ s2_m01_v04_e02 ]
[final] 36 42
[ s2_m01_v04_e03 ]
[final] 43 51
[ s2_m01_v04_e04 ]
[final] 60 70
[ s2_m01_v04_e05 ]
[final] 194 204
[ s2_m01_v04_e07 ]
[final] 212 224
[ s2_m01_v04_e09 ]
[final] 236 238
[ s2_m01_v04_e13 ]
[final] 129 139
[ s2_m01_v04_e14 ]
[final] 140 144
[ s2_m01_v04_e15 ]
[final] 146 162
[ s2_m01_v04_e16 ]
[final] 157 169
[ s2_m01_v04_e17 ]
[final] 167 177
[ s2_m01_v04_e18 ]
[final] 189 193
[ s2_m01_v04_e19 ]
[final] 292 300
[ s2_m01_v04_e21 ]
[final] 312 314
[ s2_m01_v04_e22 ]
[final] 391 409
[ s2_m01_v04_e24 ]
[final] 17 31
[ s2_m01_v04_e25 ]
[final] 273 283
[ s2_m01_v04_e26 ]
[final] 256 274
[ s2_m01_v05_e01 ]
[final] 19 23
[ s2_m01_v05_e03 ]
[final] 31 39
[ s2_m01_v05_e07 ]
[final] 74 76
[ s2_m01_v05_e09 ]
[final] 107 111
[ s2_m01_v05_e10 ]
[final] 113 131
[ s2_m01_v05_e11 ]
[final] 128 140
[ s2_m01_v05_e12 ]
[final] 139 153
[ s2_m01_v05_e13 ]
[final] 154 168
[ s2_m01_v05_e15 ]
[final] 168 184
[ s2_m01_v05_e17 ]
[final] 219 225
[ s2_m01_v05_e18 ]
[final] 234 236
[ s2_m01_v05_e19 ]
[final] 242 252
[ s2_m01_v05_e20 ]
[final] 254 264
[ s2_m01_v05_e21 ]
[final] 23 41
[ s2_m01_v05_e22 ]
[final] 180 198
[ s2_m01_v05_e23 ]
[final] 39 53
[ s2_m01_v05_e24 ]
[final] 41 59
[ s2_m01_v05_e25 ]
[final] 49 65
[ s2_m01_v05_e26 ]
[final] 207 207
[ s2_m01_v05_e27 ]
[final] 167 183
[ s2_m01_v05_e28 ]
[final] 156 168
[ s2_m02_v01_e01 ]
[final] 19 29
[ s2_m02_v01_e02 ]
[final] 35 37
[ s2_m02_v01_e03 ]
[final] 30 44
[ s2_m02_v01_e04 ]
[final] 46 50
[ s2_m02_v01_e05 ]
[final] 55 69
[ s2_m02_v01_e08 ]
[final] 73 79
[ s2_m02_v01_e09 ]
[final] 86 96
[ s2_m02_v01_e10 ]
[final] 56 60
[ s2_m02_v02_e03 ]
[final] 27 45
[ s2_m02_v02_e04 ]
[final] 47 63
[ s2_m02_v02_e05 ]
[final] 67 83
[ s2_m02_v02_e07 ]
[final] 141 147
[ s2_m02_v02_e10 ]
[final] 173 181
[ s2_m02_v02_e11 ]
[final] 216 216
[ s2_m02_v02_e14 ]
[final] 252 270
[ s2_m02_v02_e17 ]
[final] 279 287
[ s2_m02_v02_e18 ]
[final] 165 173
[ s2_m02_v02_e19 ]
[final] 165 175
[ s2_m02_v02_e20 ]
[final] 116 124
[ s2_m02_v02_e21 ]
[final] 163 165
[ s2_m02_v02_e22 ]
[final] 270 280
[ s2_m02_v03_e02 ]
[final] 18 30
[ s2_m02_v03_e05 ]
[final] 36 40
[ s2_m02_v03_e08 ]
[final] 41 57
[ s2_m02_v03_e09 ]
[final] 45 63
[ s2_m02_v03_e10 ]
[final] 54 66
[ s2_m02_v03_e14 ]
[final] 86 102
[ s2_m02_v03_e16 ]
[final] 116 120
[ s2_m02_v03_e17 ]
[final] 69 83
[ s2_m02_v03_e18 ]
[final] 8 18
[ s2_m02_v04_e01 ]
[final] 16 22
[ s2_m02_v04_e03 ]
[final] 61 69
[ s2_m02_v04_e04 ]
[final] 73 83
[ s2_m02_v04_e05 ]
[final] 78 92
[ s2_m02_v04_e07 ]
[final] 23 33
[ s2_m02_v05_e01 ]
[final] 18 24
[ s2_m02_v05_e04 ]
[final] 37 49
[ s2_m02_v05_e06 ]
[final] 51 59
[ s2_m02_v05_e07 ]
[final] 53 67
[ s2_m02_v05_e08 ]
[final] 63 71
[ s2_m02_v05_e09 ]
[final] 71 81
[ s2_m02_v05_e10 ]
[final] 80 86
[ s2_m02_v05_e11 ]
[final] 88 94
[ s2_m02_v05_e12 ]
[final] 96 110
[ s2_m02_v05_e13 ]
[final] 122 138
[ s2_m02_v05_e14 ]
[final] 127 141
[ s2_m02_v05_e15 ]
[final] 42 56
[ s2_m02_v05_e16 ]
[final] 46 56
[ s2_m02_v05_e18 ]
[final] 66 76
[ s2_m02_v05_e19 ]
[final] 104 118
[ s2_m03_v01_e05 ]
[final] noop 46
[ s2_m03_v01_e07 ]
[final] 54 66
[ s2_m03_v01_e08 ]
[final] 62 80
[ s2_m03_v01_e09 ]
[final] 72 92
[ s2_m03_v01_e10 ]
[final] 88 104
[ s2_m03_v01_e11 ]
[final] 106 110
[ s2_m03_v01_e12 ]
[final] 115 129
[ s2_m03_v01_e14 ]
[final] 142 144
[ s2_m03_v01_e15 ]
[final] 88 92
[ s2_m03_v02_e02 ]
[final] 45 59
[ s2_m03_v02_e03 ]
[final] 220 234
[ s2_m03_v02_e05 ]
[final] 254 266
[ s2_m03_v02_e06 ]
[final] 263 271
[ s2_m03_v02_e07 ]
[final] 280 286
[ s2_m03_v02_e08 ]
[final] 277 295
[ s2_m03_v02_e09 ]
[final] 290 306
[ s2_m03_v02_e10 ]
[final] 315 317
[ s2_m03_v02_e11 ]
[final] 318 338
[ s2_m03_v02_e14 ]
[final] 138 152
[ s2_m03_v02_e15 ]
[final] 150 164
[ s2_m03_v02_e19 ]
[final] 177 195
[ s2_m03_v02_e20 ]
[final] 199 213
[ s2_m03_v02_e21 ]
[final] 216 218
[ s2_m03_v02_e22 ]
[final] 140 152
[ s2_m03_v02_e24 ]
[final] 317 321
[ s2_m03_v02_e27 ]
[final] 160 168
[ s2_m03_v02_e28 ]
[final] 160 178
[ s2_m03_v02_e29 ]
[final] 110 124
[ s2_m03_v02_e30 ]
[final] 196 200
[ s2_m03_v02_e31 ]
[final] 43 53
[ s2_m03_v02_e33 ]
[final] 133 141
[ s2_m03_v02_e34 ]
[final] 329 343
[ s2_m03_v02_e35 ]
[final] 123 133
[ s2_m03_v02_e36 ]
[final] 268 286
[ s2_m03_v02_e37 ]
[final] 295 309
[ s2_m03_v02_e38 ]
[final] 237 253
[ s2_m03_v03_e02 ]
[final] 10 24
[ s2_m03_v03_e03 ]
[final] 22 36
[ s2_m03_v03_e04 ]
[final] 40 42
[ s2_m03_v03_e06 ]
[final] 44 52
[ s2_m03_v03_e07 ]
[final] 54 60
[ s2_m03_v03_e09 ]
[final] 79 87
[ s2_m03_v03_e10 ]
[final] 90 98
[ s2_m03_v03_e11 ]
[final] 96 116
[ s2_m03_v03_e12 ]
[final] 115 117
[ s2_m03_v03_e13 ]
[final] 121 131
[ s2_m03_v03_e15 ]
[final] 147 167
[ s2_m03_v03_e16 ]
[final] 156 166
[ s2_m03_v03_e17 ]
[final] 172 182
[ s2_m03_v03_e19 ]
[final] 195 noop
[ s2_m03_v03_e20 ]
[final] 194 212
[ s2_m03_v03_e21 ]
[final] 206 224
[ s2_m03_v03_e22 ]
[final] 240 250
[ s2_m03_v03_e26 ]
[final] 308 316
[ s2_m03_v03_e27 ]
[final] 331 341
[ s2_m03_v03_e28 ]
[final] 340 348
[ s2_m03_v03_e29 ]
[final] noop 373
[ s2_m03_v03_e30 ]
[final] 389 397
[ s2_m03_v03_e31 ]
[final] 220 236
[ s2_m03_v03_e32 ]
[final] 220 234
[ s2_m03_v03_e33 ]
[final] 373 381
[ s2_m03_v03_e34 ]
[final] 386 398
[ s2_m03_v03_e35 ]
[final] 261 269
[ s2_m03_v03_e36 ]
[final] 227 237
[ s2_m03_v03_e38 ]
[final] 54 68
[ s2_m03_v03_e39 ]
[final] 130 148
[ s2_m03_v03_e40 ]
[final] 386 388
[ s2_m03_v03_e41 ]
[final] 30 44
[ s2_m03_v03_e42 ]
[final] 231 233
[ s2_m03_v03_e43 ]
[final] 245 261
[ s2_m03_v04_e01 ]
[final] 9 23
[ s2_m03_v04_e02 ]
[final] 21 25
[ s2_m03_v04_e03 ]
[final] 24 32
[ s2_m03_v04_e07 ]
[final] 62 68
[ s2_m03_v04_e09 ]
[final] 78 86
[ s2_m03_v04_e11 ]
[final] 105 117
[ s2_m03_v04_e12 ]
[final] 118 124
[ s2_m03_v04_e13 ]
[final] 124 134
[ s2_m03_v04_e15 ]
[final] 134 152
[ s2_m03_v04_e16 ]
[final] 161 173
[ s2_m03_v04_e19 ]
[final] 44 48
[ s2_m03_v04_e20 ]
[final] 52 62
[ s2_m03_v04_e21 ]
[final] 86 96
[ s2_m03_v05_e01 ]
[final] 11 17
[ s2_m03_v05_e02 ]
[final] 19 25
[ s2_m03_v05_e05 ]
[final] 61 noop
[ s2_m03_v05_e06 ]
[final] 72 76
[ s2_m03_v05_e07 ]
[final] 82 98
[ s2_m03_v05_e08 ]
[final] 103 119
[ s2_m03_v05_e09 ]
[final] 121 129
[ s2_m03_v05_e10 ]
[final] 150 154
[ s2_m03_v05_e12 ]
[final] 150 166
[ s2_m03_v05_e14 ]
[final] 136 150
[ s2_m03_v05_e15 ]
[final] 128 138
[ s2_m03_v05_e16 ]
[final] 151 169
[ s2_m03_v05_e17 ]
[final] 40 58
[ s2_m04_v01_e01 ]
[final] 31 47
[ s2_m04_v01_e02 ]
[final] 80 92
[ s2_m04_v01_e03 ]
[final] 130 150
[ s2_m04_v01_e04 ]
[final] 146 160
[ s2_m04_v01_e07 ]
[final] 219 225
[ s2_m04_v01_e09 ]
[final] 240 248
[ s2_m04_v01_e10 ]
[final] 187 203
[ s2_m04_v01_e11 ]
[final] 69 89
[ s2_m04_v01_e12 ]
[final] 196 208
[ s2_m04_v02_e01 ]
[final] 19 25
[ s2_m04_v02_e02 ]
[final] 28 30
[ s2_m04_v02_e03 ]
[final] 30 36
[ s2_m04_v02_e04 ]
[final] 36 44
[ s2_m04_v02_e05 ]
[final] 36 46
[ s2_m04_v02_e06 ]
[final] 56 66
[ s2_m04_v02_e07 ]
[final] 53 59
[ s2_m04_v02_e08 ]
[final] 60 72
[ s2_m04_v03_e04 ]
[final] 94 102
[ s2_m04_v03_e05 ]
[final] 102 104
[ s2_m04_v03_e06 ]
[final] 112 122
[ s2_m04_v03_e10 ]
[final] 162 174
[ s2_m04_v03_e12 ]
[final] 208 216
[ s2_m04_v03_e13 ]
[final] 217 221
[ s2_m04_v03_e14 ]
[final] 236 240
[ s2_m04_v03_e15 ]
[final] 246 258
[ s2_m04_v03_e16 ]
[final] 254 262
[ s2_m04_v03_e17 ]
[final] 270 276
[ s2_m04_v03_e18 ]
[final] 275 281
[ s2_m04_v03_e19 ]
[final] 283 297
[ s2_m04_v03_e20 ]
[final] 301 321
[ s2_m04_v03_e21 ]
[final] 335 345
[ s2_m04_v03_e22 ]
[final] 111 113
[ s2_m04_v03_e23 ]
[final] 128 138
[ s2_m04_v03_e24 ]
[final] 297 307
[ s2_m04_v03_e25 ]
[final] 109 117
[ s2_m04_v03_e26 ]
[final] 322 330
[ s2_m04_v03_e27 ]
[final] 191 201
[ s2_m04_v03_e28 ]
[final] 138 156
[ s2_m04_v04_e01 ]
[final] 24 44
[ s2_m04_v04_e03 ]
[final] 50 70
[ s2_m04_v04_e04 ]
[final] 62 76
[ s2_m04_v04_e05 ]
[final] 90 94
[ s2_m04_v04_e08 ]
[final] 117 121
[ s2_m04_v04_e11 ]
[final] 219 237
[ s2_m04_v04_e13 ]
[final] 138 158
[ s2_m04_v04_e15 ]
[final] 155 167
[ s2_m04_v04_e18 ]
[final] 173 193
[ s2_m04_v04_e19 ]
[final] 184 204
[ s2_m04_v04_e20 ]
[final] 212 220
[ s2_m04_v04_e21 ]
[final] 242 250
[ s2_m04_v04_e22 ]
[final] 82 92
[ s2_m04_v04_e23 ]
[final] 98 110
[ s2_m04_v04_e24 ]
[final] 235 237
[ s2_m04_v05_e01 ]
[final] 15 31
[ s2_m04_v05_e03 ]
[final] 34 50
[ s2_m04_v05_e06 ]
[final] 52 64
[ s2_m04_v05_e09 ]
[final] 92 100
[ s2_m04_v05_e10 ]
[final] 100 118
[ s2_m04_v05_e11 ]
[final] 57 61
[ s2_m05_v01_e01 ]
[final] 10 16
[ s2_m05_v01_e03 ]
[final] 74 80
[ s2_m05_v01_e04 ]
[final] 85 99
[ s2_m05_v01_e06 ]
[final] 177 189
[ s2_m05_v01_e07 ]
[final] 185 197
[ s2_m05_v01_e08 ]
[final] 208 218
[ s2_m05_v01_e10 ]
[final] 232 242
[ s2_m05_v01_e12 ]
[final] 249 255
[ s2_m05_v01_e14 ]
[final] 266 278
[ s2_m05_v01_e15 ]
[final] 124 134
[ s2_m05_v01_e16 ]
[final] 224 226
[ s2_m05_v01_e17 ]
[final] 20 32
[ s2_m05_v01_e18 ]
[final] 155 165
[ s2_m05_v01_e19 ]
[final] 214 220
[ s2_m05_v01_e20 ]
[final] 66 72
[ s2_m05_v01_e21 ]
[final] 186 194
[ s2_m05_v02_e01 ]
[final] 10 24
[ s2_m05_v02_e04 ]
[final] 244 254
[ s2_m05_v02_e05 ]
[final] 259 271
[ s2_m05_v02_e09 ]
[final] 293 311
[ s2_m05_v02_e10 ]
[final] 310 314
[ s2_m05_v02_e15 ]
[final] 343 349
[ s2_m05_v02_e16 ]
[final] 366 374
[ s2_m05_v02_e18 ]
[final] 49 61
[ s2_m05_v02_e19 ]
[final] 67 73
[ s2_m05_v02_e20 ]
[final] 85 91
[ s2_m05_v02_e21 ]
[final] 91 101
[ s2_m05_v02_e22 ]
[final] 96 112
[ s2_m05_v02_e24 ]
[final] 130 134
[ s2_m05_v02_e25 ]
[final] 148 noop
[ s2_m05_v02_e29 ]
[final] 226 242
[ s2_m05_v02_e30 ]
[final] 228 238
[ s2_m05_v02_e31 ]
[final] 107 125
[ s2_m05_v02_e32 ]
[final] 218 222
[ s2_m05_v02_e33 ]
[final] 106 114
[ s2_m05_v02_e34 ]
[final] 21 35
[ s2_m05_v02_e35 ]
[final] 240 242
[ s2_m05_v02_e36 ]
[final] 333 337
[ s2_m05_v02_e37 ]
[final] 338 340
[ s2_m05_v02_e38 ]
[final] 348 358
[ s2_m05_v02_e40 ]
[final] 312 320
[ s2_m05_v02_e41 ]
[final] 159 167
[ s2_m05_v02_e42 ]
[final] 269 285
[ s2_m05_v02_e43 ]
[final] 253 267
[ s2_m05_v02_e44 ]
[final] 92 106
[ s2_m05_v02_e46 ]
[final] 219 227
[ s2_m05_v02_e47 ]
[final] 77 81
[ s2_m05_v02_e48 ]
[final] 110 126
[ s2_m05_v02_e49 ]
[final] 32 48
[ s2_m05_v02_e50 ]
[final] 223 233
[ s2_m05_v02_e51 ]
[final] 268 276
[ s2_m05_v02_e52 ]
[final] 332 332
[ s2_m05_v03_e01 ]
[final] 47 65
[ s2_m05_v03_e03 ]
[final] 146 156
[ s2_m05_v03_e05 ]
[final] 176 192
[ s2_m05_v03_e08 ]
[final] 220 224
[ s2_m05_v03_e10 ]
[final] 238 254
[ s2_m05_v03_e11 ]
[final] 261 263
[ s2_m05_v03_e12 ]
[final] 321 333
[ s2_m05_v03_e13 ]
[final] 324 332
[ s2_m05_v03_e15 ]
[final] 208 222
[ s2_m05_v03_e16 ]
[final] 223 225
[ s2_m05_v04_e01 ]
[final] 16 20
[ s2_m05_v04_e02 ]
[final] 24 26
[ s2_m05_v04_e05 ]
[final] 115 123
[ s2_m05_v04_e08 ]
[final] 164 172
[ s2_m05_v04_e11 ]
[final] 233 239
[ s2_m05_v04_e12 ]
[final] 204 216
[ s2_m05_v04_e13 ]
[final] 218 228
[ s2_m05_v05_e01 ]
[final] 24 30
[ s2_m05_v05_e03 ]
[final] 49 57
[ s2_m05_v05_e04 ]
[final] 97 103
[ s2_m05_v05_e05 ]
[final] 51 61
[ s2_m05_v05_e06 ]
[final] 75 85
[ s2_m05_v05_e07 ]
[final] 78 84
[ s2_m05_v05_e10 ]
[final] 89 93
[ s2_m05_v05_e11 ]
[final] 85 99
[ s2_m05_v05_e14 ]
[final] 115 121
[ s2_m05_v05_e16 ]
[final] 167 175
[ s2_m05_v05_e17 ]
[final] 174 178
[ s2_m05_v05_e18 ]
[final] 177 195
[ s2_m05_v05_e21 ]
[final] 221 233
[ s2_m05_v05_e23 ]
[final] 248 266
[ s2_m05_v05_e25 ]
[final] 260 270
[ s2_m05_v05_e26 ]
[final] 135 141
[ s2_m05_v05_e27 ]
[final] 212 224
[ s2_m05_v05_e28 ]
[final] 223 229
[ s2_m05_v05_e29 ]
[final] 225 239
[ s2_m05_v05_e30 ]
[final] 193 201
[ s2_m05_v05_e31 ]
[final] 215 219
[ s2_m05_v05_e32 ]
[final] 237 249
[ s2_m05_v05_e33 ]
[final] 104 106
[ s2_p01_v01_e02 ]
[final] 19 29
[ s2_p01_v01_e05 ]
[final] 36 48
[ s2_p01_v01_e06 ]
[final] 41 49
[ s2_p01_v01_e07 ]
[final] 44 64
[ s2_p01_v01_e09 ]
[final] 19 35
[ s2_p01_v02_e03 ]
[final] 19 35
[ s2_p01_v02_e04 ]
[final] 40 50
[ s2_p01_v02_e05 ]
[final] 50 62
[ s2_p01_v02_e06 ]
[final] 115 125
[ s2_p01_v02_e07 ]
[final] 120 140
[ s2_p01_v02_e08 ]
[final] 149 169
[ s2_p01_v02_e09 ]
[final] 162 172
[ s2_p01_v02_e10 ]
[final] 176 noop
[ s2_p01_v02_e11 ]
[final] 198 214
[ s2_p01_v02_e14 ]
[final] 158 174
[ s2_p01_v02_e15 ]
[final] 135 149
[ s2_p01_v02_e16 ]
[final] 54 66
[ s2_p01_v03_e01 ]
[final] 44 64
[ s2_p01_v03_e02 ]
[final] 62 72
[ s2_p01_v03_e04 ]
[final] 101 111
[ s2_p01_v03_e06 ]
[final] 124 130
[ s2_p01_v03_e07 ]
[final] 136 156
[ s2_p01_v03_e10 ]
[final] 185 195
[ s2_p01_v03_e11 ]
[final] 211 221
[ s2_p01_v03_e13 ]
[final] 240 250
[ s2_p01_v03_e14 ]
[final] 253 263
[ s2_p01_v03_e15 ]
[final] 291 309
[ s2_p01_v03_e17 ]
[final] 268 274
[ s2_p01_v03_e18 ]
[final] 120 noop
[ s2_p01_v03_e19 ]
[final] 179 197
[ s2_p01_v03_e20 ]
[final] 170 182
[ s2_p01_v03_e21 ]
[final] 145 163
[ s2_p01_v03_e22 ]
[final] 190 208
[ s2_p01_v04_e01 ]
[final] 14 20
[ s2_p01_v04_e03 ]
[final] 30 34
[ s2_p01_v04_e04 ]
[final] 36 44
[ s2_p01_v04_e06 ]
[final] 62 82
[ s2_p01_v04_e07 ]
[final] 149 165
[ s2_p01_v04_e08 ]
[final] 170 174
[ s2_p01_v04_e09 ]
[final] 46 64
[ s2_p01_v04_e11 ]
[final] 134 134
[ s2_p01_v04_e12 ]
[final] noop noop
[ s2_p01_v05_e02 ]
[final] noop noop
[ s2_p01_v05_e03 ]
[final] 31 35
[ s2_p01_v05_e04 ]
[final] 31 35
[ s2_p01_v05_e05 ]
[final] 31 39
[ s2_p01_v05_e08 ]
[final] 40 58
[ s2_p01_v05_e09 ]
[final] 45 63
[ s2_p01_v05_e10 ]
[final] 62 78
[ s2_p01_v05_e11 ]
[final] 69 89
[ s2_p01_v05_e12 ]
[final] 88 98
[ s2_p01_v05_e14 ]
[final] 114 118
[ s2_p01_v05_e15 ]
[final] 133 151
[ s2_p01_v05_e16 ]
[final] 147 159
[ s2_p01_v05_e17 ]
[final] 42 62
[ s2_p01_v05_e18 ]
[final] 21 31
[ s2_p01_v05_e19 ]
[final] 119 135
[ s2_p02_v01_e05 ]
[final] 46 56
[ s2_p02_v01_e09 ]
[final] 126 146
[ s2_p02_v01_e11 ]
[final] 173 183
[ s2_p02_v01_e12 ]
[final] 266 270
[ s2_p02_v01_e14 ]
[final] 291 295
[ s2_p02_v01_e15 ]
[final] 297 311
[ s2_p02_v01_e16 ]
[final] 51 69
[ s2_p02_v01_e17 ]
[final] 273 281
[ s2_p02_v01_e18 ]
[final] 244 246
[ s2_p02_v01_e19 ]
[final] 97 115
[ s2_p02_v01_e20 ]
[final] 64 76
[ s2_p02_v03_e02 ]
[final] 36 46
[ s2_p02_v03_e04 ]
[final] 51 61
[ s2_p02_v03_e05 ]
[final] 59 noop
[ s2_p02_v03_e09 ]
[final] 198 204
[ s2_p02_v03_e10 ]
[final] 200 noop
[ s2_p02_v03_e11 ]
[final] 246 248
[ s2_p02_v03_e14 ]
[final] 324 330
[ s2_p02_v03_e18 ]
[final] 386 392
[ s2_p02_v03_e19 ]
[final] 23 33
[ s2_p02_v03_e20 ]
[final] 233 241
[ s2_p02_v03_e21 ]
[final] 74 80
[ s2_p02_v03_e22 ]
[final] 164 182
[ s2_p02_v03_e23 ]
[final] 160 166
[ s2_p02_v03_e24 ]
[final] 44 52
[ s2_p02_v03_e25 ]
[final] 53 69
[ s2_p02_v03_e26 ]
[final] 186 200
[ s2_p02_v03_e27 ]
[final] 215 217
[ s2_p02_v03_e28 ]
[final] 209 217
[ s2_p02_v04_e01 ]
[final] noop noop
[ s2_p02_v04_e02 ]
[final] 17 29
[ s2_p02_v04_e05 ]
[final] 39 49
[ s2_p02_v04_e06 ]
[final] 53 65
[ s2_p02_v04_e07 ]
[final] 69 85
[ s2_p02_v04_e09 ]
[final] 149 161
[ s2_p02_v04_e10 ]
[final] 159 175
[ s2_p02_v04_e11 ]
[final] 175 189
[ s2_p02_v04_e12 ]
[final] 245 253
[ s2_p02_v04_e14 ]
[final] 255 267
[ s2_p02_v04_e18 ]
[final] 300 302
[ s2_p02_v04_e19 ]
[final] 301 321
[ s2_p02_v04_e20 ]
[final] 318 332
[ s2_p02_v04_e21 ]
[final] 266 282
[ s2_p02_v04_e22 ]
[final] 35 43
[ s2_p02_v04_e23 ]
[final] 279 289
[ s2_p02_v04_e24 ]
[final] 120 138
[ s2_p02_v04_e25 ]
[final] 285 297
[ s2_p02_v05_e01 ]
[final] 31 35
[ s2_p02_v05_e02 ]
[final] 40 50
[ s2_p02_v05_e03 ]
[final] 36 54
[ s2_p02_v05_e04 ]
[final] 72 90
[ s2_p02_v05_e06 ]
[final] 94 112
[ s2_p02_v05_e07 ]
[final] 186 202
[ s2_p02_v05_e10 ]
[final] 206 208
[ s2_p02_v05_e11 ]
[final] 97 107
[ s2_p03_v01_e02 ]
[final] 53 59
[ s2_p03_v01_e03 ]
[final] 61 75
[ s2_p03_v01_e04 ]
[final] 75 85
[ s2_p03_v01_e05 ]
[final] 82 94
[ s2_p03_v01_e07 ]
[final] 92 110
[ s2_p03_v01_e08 ]
[final] 103 119
[ s2_p03_v01_e09 ]
[final] 121 139
[ s2_p03_v01_e10 ]
[final] 152 166
[ s2_p03_v01_e11 ]
[final] 187 201
[ s2_p03_v01_e14 ]
[final] 212 222
[ s2_p03_v01_e15 ]
[final] 117 131
[ s2_p03_v01_e16 ]
[final] 199 219
[ s2_p03_v01_e17 ]
[final] 202 214
[ s2_p03_v02_e03 ]
[final] 92 100
[ s2_p03_v02_e07 ]
[final] 144 160
[ s2_p03_v02_e10 ]
[final] 186 200
[ s2_p03_v02_e14 ]
[final] 218 224
[ s2_p03_v02_e16 ]
[final] 223 229
[ s2_p03_v02_e20 ]
[final] 254 270
[ s2_p03_v02_e21 ]
[final] 98 108
[ s2_p03_v02_e22 ]
[final] 169 185
[ s2_p03_v02_e23 ]
[final] 264 272
[ s2_p03_v02_e24 ]
[final] 124 134
[ s2_p03_v02_e25 ]
[final] 199 199
[ s2_p03_v02_e26 ]
[final] 153 169
[ s2_p03_v02_e27 ]
[final] 80 84
[ s2_p03_v03_e01 ]
[final] 29 noop
[ s2_p03_v03_e02 ]
[final] 30 44
[ s2_p03_v03_e03 ]
[final] 44 50
[ s2_p03_v03_e04 ]
[final] 55 59
[ s2_p03_v03_e05 ]
[final] 57 63
[ s2_p03_v03_e06 ]
[final] 78 84
[ s2_p03_v03_e07 ]
[final] 91 95
[ s2_p03_v03_e08 ]
[final] 97 103
[ s2_p03_v04_e04 ]
[final] 77 95
[ s2_p03_v04_e07 ]
[final] 108 126
[ s2_p03_v04_e08 ]
[final] 151 163
[ s2_p03_v04_e09 ]
[final] 164 184
[ s2_p03_v04_e10 ]
[final] 201 221
[ s2_p03_v04_e11 ]
[final] 225 241
[ s2_p03_v04_e15 ]
[final] 271 289
[ s2_p03_v04_e16 ]
[final] 301 307
[ s2_p03_v04_e17 ]
[final] 307 319
[ s2_p03_v04_e18 ]
[final] 327 331
[ s2_p03_v04_e21 ]
[final] 359 369
[ s2_p03_v04_e26 ]
[final] 381 389
[ s2_p03_v04_e27 ]
[final] 384 404
[ s2_p03_v04_e29 ]
[final] 442 442
[ s2_p03_v04_e31 ]
[final] 458 468
[ s2_p03_v04_e33 ]
[final] 209 229
[ s2_p03_v04_e34 ]
[final] 382 394
[ s2_p03_v04_e35 ]
[final] 472 472
[ s2_p03_v04_e36 ]
[final] 96 102
[ s2_p03_v04_e37 ]
[final] 105 117
[ s2_p03_v04_e38 ]
[final] 270 282
[ s2_p03_v04_e39 ]
[final] 130 140
[ s2_p03_v04_e40 ]
[final] 278 296
[ s2_p03_v05_e01 ]
[final] 22 34
[ s2_p03_v05_e03 ]
[final] 41 49
[ s2_p03_v05_e04 ]
[final] 47 51
[ s2_p03_v05_e05 ]
[final] 57 noop
[ s2_p03_v05_e07 ]
[final] 110 130
[ s2_p03_v05_e08 ]
[final] 125 139
[ s2_p03_v05_e10 ]
[final] 163 noop
[ s2_p03_v05_e12 ]
[final] 206 210
[ s2_p03_v05_e14 ]
[final] 247 251
[ s2_p03_v05_e16 ]
[final] 265 283
[ s2_p03_v05_e18 ]
[final] 118 120
[ s2_p03_v05_e19 ]
[final] 418 428
[ s2_p03_v05_e21 ]
[final] 179 185
[ s2_p03_v05_e22 ]
[final] 114 132
[ s2_p03_v05_e23 ]
[final] 53 59
[ s2_p03_v05_e24 ]
[final] 162 172
[ s2_p03_v05_e25 ]
[final] 210 220
[ s2_p04_v01_e02 ]
[final] 160 176
[ s2_p04_v01_e03 ]
[final] 275 285
[ s2_p04_v01_e08 ]
[final] 317 333
[ s2_p04_v01_e09 ]
[final] 219 235
[ s2_p04_v01_e10 ]
[final] 487 495
[ s2_p04_v01_e11 ]
[final] 425 437
[ s2_p04_v01_e12 ]
[final] 251 261
[ s2_p04_v01_e13 ]
[final] 265 271
[ s2_p04_v02_e02 ]
[final] 13 31
[ s2_p04_v02_e05 ]
[final] 39 39
[ s2_p04_v02_e08 ]
[final] 72 82
[ s2_p04_v02_e09 ]
[final] 124 142
[ s2_p04_v02_e11 ]
[final] 168 174
[ s2_p04_v02_e12 ]
[final] 213 231
[ s2_p04_v02_e15 ]
[final] 246 256
[ s2_p04_v02_e16 ]
[final] 248 252
[ s2_p04_v02_e18 ]
[final] 268 278
[ s2_p04_v02_e20 ]
[final] 44 54
[ s2_p04_v02_e21 ]
[final] 232 246
[ s2_p04_v02_e22 ]
[final] 233 247
[ s2_p04_v02_e23 ]
[final] 281 291
[ s2_p04_v02_e24 ]
[final] 258 262
[ s2_p04_v03_e02 ]
[final] 49 57
[ s2_p04_v03_e07 ]
[final] 101 121
[ s2_p04_v03_e09 ]
[final] 125 131
[ s2_p04_v03_e10 ]
[final] 135 145
[ s2_p04_v03_e13 ]
[final] 188 204
[ s2_p04_v03_e15 ]
[final] 231 243
[ s2_p04_v03_e20 ]
[final] 294 302
[ s2_p04_v03_e24 ]
[final] 191 209
[ s2_p04_v03_e25 ]
[final] 28 48
[ s2_p04_v03_e26 ]
[final] 227 235
[ s2_p04_v03_e27 ]
[final] 102 108
[ s2_p04_v03_e29 ]
[final] 50 60
[ s2_p04_v03_e30 ]
[final] 66 74
[ s2_p04_v04_e01 ]
[final] 53 61
[ s2_p04_v04_e03 ]
[final] 66 84
[ s2_p04_v04_e06 ]
[final] 100 110
[ s2_p04_v04_e08 ]
[final] 126 128
[ s2_p04_v04_e09 ]
[final] 145 155
[ s2_p04_v04_e11 ]
[final] 164 172
[ s2_p04_v04_e12 ]
[final] 184 188
[ s2_p04_v04_e13 ]
[final] 272 290
[ s2_p04_v04_e14 ]
[final] 285 293
[ s2_p04_v04_e18 ]
[final] 210 220
[ s2_p04_v04_e20 ]
[final] 235 255
[ s2_p04_v04_e23 ]
[final] 270 278
[ s2_p04_v04_e24 ]
[final] 85 91
[ s2_p04_v05_e01 ]
[final] noop noop
[ s2_p04_v05_e03 ]
[final] 45 57
[ s2_p04_v05_e04 ]
[final] 56 68
[ s2_p04_v05_e05 ]
[final] 77 83
[ s2_p04_v05_e06 ]
[final] 84 96
[ s2_p04_v05_e07 ]
[final] 103 105
[ s2_p04_v05_e08 ]
[final] 106 124
[ s2_p04_v05_e09 ]
[final] 137 141
[ s2_p04_v05_e10 ]
[final] 150 158
[ s2_p04_v05_e11 ]
[final] 170 174
[ s2_p04_v05_e14 ]
[final] 226 238
[ s2_p04_v05_e17 ]
[final] 164 164
[ s2_p04_v05_e18 ]
[final] 210 218
[ s2_p04_v05_e19 ]
[final] 88 108
[ s2_p04_v05_e20 ]
[final] 194 198
[ s2_p04_v05_e21 ]
[final] noop 216
[ s2_p05_v01_e02 ]
[final] 22 26
[ s2_p05_v01_e04 ]
[final] 29 45
[ s2_p05_v01_e06 ]
[final] noop 60
[ s2_p05_v01_e08 ]
[final] 114 120
[ s2_p05_v01_e09 ]
[final] 124 134
[ s2_p05_v01_e11 ]
[final] 74 84
[ s2_p05_v01_e12 ]
[final] 108 112
[ s2_p05_v02_e01 ]
[final] 21 27
[ s2_p05_v02_e02 ]
[final] 30 32
[ s2_p05_v02_e05 ]
[final] 26 44
[ s2_p05_v02_e06 ]
[final] 7 27
[ s2_p05_v02_e07 ]
[final] 18 22
[ s2_p05_v02_e08 ]
[final] 36 54
[ s2_p05_v02_e09 ]
[final] 27 29
[ s2_p05_v03_e01 ]
[final] noop noop
[ s2_p05_v03_e02 ]
[final] 14 20
[ s2_p05_v03_e03 ]
[final] 65 71
[ s2_p05_v03_e05 ]
[final] 75 83
[ s2_p05_v03_e06 ]
[final] 81 85
[ s2_p05_v03_e07 ]
[final] 132 134
[ s2_p05_v03_e08 ]
[final] 139 143
[ s2_p05_v03_e09 ]
[final] 153 157
[ s2_p05_v03_e10 ]
[final] 91 91
[ s2_p05_v03_e11 ]
[final] 72 72
[ s2_p05_v03_e12 ]
[final] 126 134
[ s2_p05_v03_e13 ]
[final] 24 26
[ s2_p05_v03_e14 ]
[final] 70 80
[ s2_p05_v03_e15 ]
[final] 134 136
[ s2_p05_v03_e16 ]
[final] 20 24
[ s2_p05_v03_e17 ]
[final] 88 100
[ s2_p05_v03_e18 ]
[final] 19 39
[ s2_p05_v04_e01 ]
[final] 7 19
[ s2_p05_v04_e02 ]
[final] 25 33
[ s2_p05_v04_e04 ]
[final] 45 57
[ s2_p05_v04_e05 ]
[final] 64 76
[ s2_p05_v04_e06 ]
[final] 69 89
[ s2_p05_v04_e09 ]
[final] 91 111
[ s2_p05_v04_e11 ]
[final] 125 131
[ s2_p05_v04_e12 ]
[final] 126 140
[ s2_p05_v04_e15 ]
[final] 146 160
[ s2_p05_v04_e17 ]
[final] 144 148
[ s2_p05_v04_e18 ]
[final] 75 89
[ s2_p05_v05_e04 ]
[final] 77 81
[ s2_p05_v05_e09 ]
[final] 152 158
[ s2_p05_v05_e11 ]
[final] 200 212
[ s2_p05_v05_e12 ]
[final] 213 231
[ s2_p05_v05_e13 ]
[final] 220 236
[ s2_p05_v05_e16 ]
[final] 262 278
[ s2_p05_v05_e19 ]
[final] 299 309
[ s2_p05_v05_e20 ]
[final] 340 360
[ s2_p05_v05_e21 ]
[final] 381 387
[ s2_p05_v05_e23 ]
[final] 52 62
[ s2_p05_v05_e24 ]
[final] 106 116
[ s2_p05_v05_e25 ]
[final] 399 413
[ s2_p05_v05_e26 ]
[final] 240 260
STATS
unanimous: 234 noop 23
majority: 1089 noop 131 dup 171
diverse: 1029 noop 241 dup 301
noop: 395
